{"C:\\SoftPrueba\\Front-Vue.js\\src\\App.vue": {"path":"C:\\SoftPrueba\\Front-Vue.js\\src\\App.vue","all":true,"statementMap":{"1":{"start":{"line":2,"column":0},"end":{"line":2,"column":16}},"2":{"start":{"line":3,"column":0},"end":{"line":3,"column":13}},"3":{"start":{"line":4,"column":0},"end":{"line":4,"column":1}},"7":{"start":{"line":8,"column":0},"end":{"line":8,"column":29}}},"s":{"1":0,"2":0,"3":0,"7":0},"branchMap":{"0":{"type":"branch","line":1,"loc":{"start":{"line":1,"column":256},"end":{"line":18,"column":8}},"locations":[{"start":{"line":1,"column":256},"end":{"line":18,"column":8}}]}},"b":{"0":[1]},"fnMap":{"0":{"name":"(empty-report)","decl":{"start":{"line":1,"column":256},"end":{"line":18,"column":8}},"loc":{"start":{"line":1,"column":256},"end":{"line":18,"column":8}},"line":1}},"f":{"0":1}}
,"C:\\SoftPrueba\\Front-Vue.js\\src\\main.js": {"path":"C:\\SoftPrueba\\Front-Vue.js\\src\\main.js","all":true,"statementMap":{"0":{"start":{"line":1,"column":0},"end":{"line":1,"column":32}},"1":{"start":{"line":2,"column":0},"end":{"line":2,"column":28}},"2":{"start":{"line":3,"column":0},"end":{"line":3,"column":30}},"3":{"start":{"line":4,"column":0},"end":{"line":4,"column":26}},"5":{"start":{"line":6,"column":0},"end":{"line":6,"column":27}},"6":{"start":{"line":7,"column":0},"end":{"line":7,"column":16}},"7":{"start":{"line":8,"column":0},"end":{"line":8,"column":18}}},"s":{"0":0,"1":0,"2":0,"3":0,"5":0,"6":0,"7":0},"branchMap":{"0":{"type":"branch","line":1,"loc":{"start":{"line":1,"column":0},"end":{"line":8,"column":-105}},"locations":[{"start":{"line":1,"column":0},"end":{"line":8,"column":-105}}]}},"b":{"0":[0]},"fnMap":{"0":{"name":"(empty-report)","decl":{"start":{"line":1,"column":0},"end":{"line":8,"column":-105}},"loc":{"start":{"line":1,"column":0},"end":{"line":8,"column":-105}},"line":1}},"f":{"0":0}}
,"C:\\SoftPrueba\\Front-Vue.js\\src\\composables\\useLogin.js": {"path":"C:\\SoftPrueba\\Front-Vue.js\\src\\composables\\useLogin.js","all":false,"statementMap":{"0":{"start":{"line":1,"column":0},"end":{"line":1,"column":50}},"1":{"start":{"line":2,"column":0},"end":{"line":2,"column":78}},"2":{"start":{"line":3,"column":0},"end":{"line":3,"column":59}},"3":{"start":{"line":4,"column":0},"end":{"line":4,"column":0}},"4":{"start":{"line":5,"column":0},"end":{"line":5,"column":28}},"5":{"start":{"line":6,"column":0},"end":{"line":6,"column":31}},"6":{"start":{"line":7,"column":0},"end":{"line":7,"column":29}},"7":{"start":{"line":8,"column":0},"end":{"line":8,"column":29}},"8":{"start":{"line":9,"column":0},"end":{"line":9,"column":26}},"9":{"start":{"line":10,"column":0},"end":{"line":10,"column":31}},"10":{"start":{"line":11,"column":0},"end":{"line":11,"column":0}},"11":{"start":{"line":12,"column":0},"end":{"line":12,"column":37}},"12":{"start":{"line":13,"column":0},"end":{"line":13,"column":25}},"13":{"start":{"line":14,"column":0},"end":{"line":14,"column":29}},"14":{"start":{"line":15,"column":0},"end":{"line":15,"column":13}},"15":{"start":{"line":16,"column":0},"end":{"line":16,"column":68}},"16":{"start":{"line":17,"column":0},"end":{"line":17,"column":38}},"17":{"start":{"line":18,"column":0},"end":{"line":18,"column":23}},"18":{"start":{"line":19,"column":0},"end":{"line":19,"column":38}},"19":{"start":{"line":20,"column":0},"end":{"line":20,"column":19}},"20":{"start":{"line":21,"column":0},"end":{"line":21,"column":34}},"21":{"start":{"line":22,"column":0},"end":{"line":22,"column":9}},"22":{"start":{"line":23,"column":0},"end":{"line":23,"column":6}},"23":{"start":{"line":24,"column":0},"end":{"line":24,"column":0}},"24":{"start":{"line":25,"column":0},"end":{"line":25,"column":12}},"25":{"start":{"line":26,"column":0},"end":{"line":26,"column":17}},"26":{"start":{"line":27,"column":0},"end":{"line":27,"column":17}},"27":{"start":{"line":28,"column":0},"end":{"line":28,"column":14}},"28":{"start":{"line":29,"column":0},"end":{"line":29,"column":16}},"29":{"start":{"line":30,"column":0},"end":{"line":30,"column":19}},"30":{"start":{"line":31,"column":0},"end":{"line":31,"column":6}},"31":{"start":{"line":32,"column":0},"end":{"line":32,"column":1}}},"s":{"0":1,"1":1,"2":1,"3":1,"4":1,"5":3,"6":3,"7":3,"8":3,"9":3,"10":3,"11":3,"12":2,"13":2,"14":2,"15":2,"16":1,"17":1,"18":1,"19":2,"20":2,"21":2,"22":3,"23":3,"24":3,"25":3,"26":3,"27":3,"28":3,"29":3,"30":3,"31":3},"branchMap":{"0":{"type":"branch","line":5,"loc":{"start":{"line":5,"column":7},"end":{"line":32,"column":1}},"locations":[{"start":{"line":5,"column":7},"end":{"line":32,"column":1}}]},"1":{"type":"branch","line":12,"loc":{"start":{"line":12,"column":24},"end":{"line":23,"column":5}},"locations":[{"start":{"line":12,"column":24},"end":{"line":23,"column":5}}]},"2":{"type":"branch","line":17,"loc":{"start":{"line":17,"column":-2},"end":{"line":20,"column":9}},"locations":[{"start":{"line":17,"column":-2},"end":{"line":20,"column":9}}]}},"b":{"0":[3],"1":[2],"2":[1]},"fnMap":{"0":{"name":"useLogin","decl":{"start":{"line":5,"column":7},"end":{"line":32,"column":1}},"loc":{"start":{"line":5,"column":7},"end":{"line":32,"column":1}},"line":5},"1":{"name":"handleLogin","decl":{"start":{"line":12,"column":24},"end":{"line":23,"column":5}},"loc":{"start":{"line":12,"column":24},"end":{"line":23,"column":5}},"line":12}},"f":{"0":3,"1":2}}
,"C:\\SoftPrueba\\Front-Vue.js\\src\\composables\\usePacientes.js": {"path":"C:\\SoftPrueba\\Front-Vue.js\\src\\composables\\usePacientes.js","all":false,"statementMap":{"0":{"start":{"line":1,"column":0},"end":{"line":1,"column":71}},"1":{"start":{"line":2,"column":0},"end":{"line":2,"column":78}},"2":{"start":{"line":3,"column":0},"end":{"line":3,"column":69}},"3":{"start":{"line":4,"column":0},"end":{"line":4,"column":59}},"4":{"start":{"line":5,"column":0},"end":{"line":5,"column":0}},"5":{"start":{"line":6,"column":0},"end":{"line":6,"column":32}},"6":{"start":{"line":7,"column":0},"end":{"line":7,"column":31}},"7":{"start":{"line":8,"column":0},"end":{"line":8,"column":30}},"8":{"start":{"line":9,"column":0},"end":{"line":9,"column":33}},"9":{"start":{"line":10,"column":0},"end":{"line":10,"column":43}},"10":{"start":{"line":11,"column":0},"end":{"line":11,"column":32}},"11":{"start":{"line":12,"column":0},"end":{"line":12,"column":22}},"12":{"start":{"line":13,"column":0},"end":{"line":13,"column":17}},"13":{"start":{"line":14,"column":0},"end":{"line":14,"column":27}},"14":{"start":{"line":15,"column":0},"end":{"line":15,"column":20}},"15":{"start":{"line":16,"column":0},"end":{"line":16,"column":17}},"16":{"start":{"line":17,"column":0},"end":{"line":17,"column":29}},"17":{"start":{"line":18,"column":0},"end":{"line":18,"column":38}},"18":{"start":{"line":19,"column":0},"end":{"line":19,"column":33}},"19":{"start":{"line":20,"column":0},"end":{"line":20,"column":25}},"20":{"start":{"line":21,"column":0},"end":{"line":21,"column":19}},"21":{"start":{"line":22,"column":0},"end":{"line":22,"column":22}},"22":{"start":{"line":23,"column":0},"end":{"line":23,"column":20}},"23":{"start":{"line":24,"column":0},"end":{"line":24,"column":7}},"24":{"start":{"line":25,"column":0},"end":{"line":25,"column":29}},"25":{"start":{"line":26,"column":0},"end":{"line":26,"column":0}},"26":{"start":{"line":27,"column":0},"end":{"line":27,"column":0}},"27":{"start":{"line":28,"column":0},"end":{"line":28,"column":31}},"28":{"start":{"line":29,"column":0},"end":{"line":29,"column":33}},"29":{"start":{"line":30,"column":0},"end":{"line":30,"column":0}},"30":{"start":{"line":31,"column":0},"end":{"line":31,"column":47}},"31":{"start":{"line":32,"column":0},"end":{"line":32,"column":67}},"32":{"start":{"line":33,"column":0},"end":{"line":33,"column":47}},"33":{"start":{"line":34,"column":0},"end":{"line":34,"column":49}},"34":{"start":{"line":35,"column":0},"end":{"line":35,"column":7}},"35":{"start":{"line":36,"column":0},"end":{"line":36,"column":0}},"36":{"start":{"line":37,"column":0},"end":{"line":37,"column":39}},"37":{"start":{"line":38,"column":0},"end":{"line":38,"column":70}},"38":{"start":{"line":39,"column":0},"end":{"line":39,"column":7}},"39":{"start":{"line":40,"column":0},"end":{"line":40,"column":0}},"40":{"start":{"line":41,"column":0},"end":{"line":41,"column":28}},"41":{"start":{"line":42,"column":0},"end":{"line":42,"column":51}},"42":{"start":{"line":43,"column":0},"end":{"line":43,"column":32}},"43":{"start":{"line":44,"column":0},"end":{"line":44,"column":9}},"44":{"start":{"line":45,"column":0},"end":{"line":45,"column":6}},"45":{"start":{"line":46,"column":0},"end":{"line":46,"column":0}},"46":{"start":{"line":47,"column":0},"end":{"line":47,"column":28}},"47":{"start":{"line":48,"column":0},"end":{"line":48,"column":36}},"48":{"start":{"line":49,"column":0},"end":{"line":49,"column":32}},"49":{"start":{"line":50,"column":0},"end":{"line":50,"column":9}},"50":{"start":{"line":51,"column":0},"end":{"line":51,"column":6}},"51":{"start":{"line":52,"column":0},"end":{"line":52,"column":0}},"52":{"start":{"line":53,"column":0},"end":{"line":53,"column":32}},"53":{"start":{"line":54,"column":0},"end":{"line":54,"column":52}},"54":{"start":{"line":55,"column":0},"end":{"line":55,"column":37}},"55":{"start":{"line":56,"column":0},"end":{"line":56,"column":9}},"56":{"start":{"line":57,"column":0},"end":{"line":57,"column":6}},"57":{"start":{"line":58,"column":0},"end":{"line":58,"column":0}},"58":{"start":{"line":59,"column":0},"end":{"line":59,"column":43}},"59":{"start":{"line":60,"column":0},"end":{"line":60,"column":25}},"60":{"start":{"line":61,"column":0},"end":{"line":61,"column":34}},"61":{"start":{"line":62,"column":0},"end":{"line":62,"column":53}},"62":{"start":{"line":63,"column":0},"end":{"line":63,"column":0}},"63":{"start":{"line":64,"column":0},"end":{"line":64,"column":62}},"64":{"start":{"line":65,"column":0},"end":{"line":65,"column":75}},"65":{"start":{"line":66,"column":0},"end":{"line":66,"column":0}},"66":{"start":{"line":67,"column":0},"end":{"line":67,"column":56}},"67":{"start":{"line":68,"column":0},"end":{"line":68,"column":34}},"68":{"start":{"line":69,"column":0},"end":{"line":69,"column":70}},"69":{"start":{"line":70,"column":0},"end":{"line":70,"column":54}},"70":{"start":{"line":71,"column":0},"end":{"line":71,"column":80}},"71":{"start":{"line":72,"column":0},"end":{"line":72,"column":13}},"72":{"start":{"line":73,"column":0},"end":{"line":73,"column":9}},"73":{"start":{"line":74,"column":0},"end":{"line":74,"column":0}},"74":{"start":{"line":75,"column":0},"end":{"line":75,"column":28}},"75":{"start":{"line":76,"column":0},"end":{"line":76,"column":26}},"76":{"start":{"line":77,"column":0},"end":{"line":77,"column":32}},"77":{"start":{"line":78,"column":0},"end":{"line":78,"column":34}},"78":{"start":{"line":79,"column":0},"end":{"line":79,"column":13}},"79":{"start":{"line":80,"column":0},"end":{"line":80,"column":9}},"80":{"start":{"line":81,"column":0},"end":{"line":81,"column":0}},"81":{"start":{"line":82,"column":0},"end":{"line":82,"column":52}},"82":{"start":{"line":83,"column":0},"end":{"line":83,"column":26}},"83":{"start":{"line":84,"column":0},"end":{"line":84,"column":9}},"84":{"start":{"line":85,"column":0},"end":{"line":85,"column":0}},"85":{"start":{"line":86,"column":0},"end":{"line":86,"column":41}},"86":{"start":{"line":87,"column":0},"end":{"line":87,"column":49}},"87":{"start":{"line":88,"column":0},"end":{"line":88,"column":34}},"88":{"start":{"line":89,"column":0},"end":{"line":89,"column":13}},"89":{"start":{"line":90,"column":0},"end":{"line":90,"column":41}},"90":{"start":{"line":91,"column":0},"end":{"line":91,"column":9}},"91":{"start":{"line":92,"column":0},"end":{"line":92,"column":0}},"92":{"start":{"line":93,"column":0},"end":{"line":93,"column":21}},"93":{"start":{"line":94,"column":0},"end":{"line":94,"column":7}},"94":{"start":{"line":95,"column":0},"end":{"line":95,"column":0}},"95":{"start":{"line":96,"column":0},"end":{"line":96,"column":41}},"96":{"start":{"line":97,"column":0},"end":{"line":97,"column":13}},"97":{"start":{"line":98,"column":0},"end":{"line":98,"column":70}},"98":{"start":{"line":99,"column":0},"end":{"line":99,"column":44}},"99":{"start":{"line":100,"column":0},"end":{"line":100,"column":48}},"100":{"start":{"line":101,"column":0},"end":{"line":101,"column":13}},"101":{"start":{"line":102,"column":0},"end":{"line":102,"column":25}},"102":{"start":{"line":103,"column":0},"end":{"line":103,"column":51}},"103":{"start":{"line":104,"column":0},"end":{"line":104,"column":9}},"104":{"start":{"line":105,"column":0},"end":{"line":105,"column":6}},"105":{"start":{"line":106,"column":0},"end":{"line":106,"column":0}},"106":{"start":{"line":107,"column":0},"end":{"line":107,"column":42}},"107":{"start":{"line":108,"column":0},"end":{"line":108,"column":46}},"108":{"start":{"line":109,"column":0},"end":{"line":109,"column":22}},"109":{"start":{"line":110,"column":0},"end":{"line":110,"column":28}},"110":{"start":{"line":111,"column":0},"end":{"line":111,"column":52}},"111":{"start":{"line":112,"column":0},"end":{"line":112,"column":38}},"112":{"start":{"line":113,"column":0},"end":{"line":113,"column":32}},"113":{"start":{"line":114,"column":0},"end":{"line":114,"column":56}},"114":{"start":{"line":115,"column":0},"end":{"line":115,"column":74}},"115":{"start":{"line":116,"column":0},"end":{"line":116,"column":64}},"116":{"start":{"line":117,"column":0},"end":{"line":117,"column":48}},"117":{"start":{"line":118,"column":0},"end":{"line":118,"column":36}},"118":{"start":{"line":119,"column":0},"end":{"line":119,"column":42}},"119":{"start":{"line":120,"column":0},"end":{"line":120,"column":39}},"120":{"start":{"line":121,"column":0},"end":{"line":121,"column":10}},"121":{"start":{"line":122,"column":0},"end":{"line":122,"column":31}},"122":{"start":{"line":123,"column":0},"end":{"line":123,"column":6}},"123":{"start":{"line":124,"column":0},"end":{"line":124,"column":0}},"124":{"start":{"line":125,"column":0},"end":{"line":125,"column":44}},"125":{"start":{"line":126,"column":0},"end":{"line":126,"column":65}},"126":{"start":{"line":127,"column":0},"end":{"line":127,"column":17}},"127":{"start":{"line":128,"column":0},"end":{"line":128,"column":58}},"128":{"start":{"line":129,"column":0},"end":{"line":129,"column":40}},"129":{"start":{"line":130,"column":0},"end":{"line":130,"column":57}},"130":{"start":{"line":131,"column":0},"end":{"line":131,"column":29}},"131":{"start":{"line":132,"column":0},"end":{"line":132,"column":55}},"132":{"start":{"line":133,"column":0},"end":{"line":133,"column":13}},"133":{"start":{"line":134,"column":0},"end":{"line":134,"column":9}},"134":{"start":{"line":135,"column":0},"end":{"line":135,"column":6}},"135":{"start":{"line":136,"column":0},"end":{"line":136,"column":0}},"136":{"start":{"line":137,"column":0},"end":{"line":137,"column":41}},"137":{"start":{"line":138,"column":0},"end":{"line":138,"column":13}},"138":{"start":{"line":139,"column":0},"end":{"line":139,"column":45}},"139":{"start":{"line":140,"column":0},"end":{"line":140,"column":66}},"140":{"start":{"line":141,"column":0},"end":{"line":141,"column":20}},"141":{"start":{"line":142,"column":0},"end":{"line":142,"column":66}},"142":{"start":{"line":143,"column":0},"end":{"line":143,"column":13}},"143":{"start":{"line":144,"column":0},"end":{"line":144,"column":36}},"144":{"start":{"line":145,"column":0},"end":{"line":145,"column":36}},"145":{"start":{"line":146,"column":0},"end":{"line":146,"column":52}},"146":{"start":{"line":147,"column":0},"end":{"line":147,"column":24}},"147":{"start":{"line":148,"column":0},"end":{"line":148,"column":25}},"148":{"start":{"line":149,"column":0},"end":{"line":149,"column":50}},"149":{"start":{"line":150,"column":0},"end":{"line":150,"column":9}},"150":{"start":{"line":151,"column":0},"end":{"line":151,"column":6}},"151":{"start":{"line":152,"column":0},"end":{"line":152,"column":0}},"152":{"start":{"line":153,"column":0},"end":{"line":153,"column":43}},"153":{"start":{"line":154,"column":0},"end":{"line":154,"column":13}},"154":{"start":{"line":155,"column":0},"end":{"line":155,"column":68}},"155":{"start":{"line":156,"column":0},"end":{"line":156,"column":69}},"156":{"start":{"line":157,"column":0},"end":{"line":157,"column":53}},"157":{"start":{"line":158,"column":0},"end":{"line":158,"column":28}},"158":{"start":{"line":159,"column":0},"end":{"line":159,"column":60}},"159":{"start":{"line":160,"column":0},"end":{"line":160,"column":44}},"160":{"start":{"line":161,"column":0},"end":{"line":161,"column":25}},"161":{"start":{"line":162,"column":0},"end":{"line":162,"column":44}},"162":{"start":{"line":163,"column":0},"end":{"line":163,"column":55}},"163":{"start":{"line":164,"column":0},"end":{"line":164,"column":25}},"164":{"start":{"line":165,"column":0},"end":{"line":165,"column":53}},"165":{"start":{"line":166,"column":0},"end":{"line":166,"column":9}},"166":{"start":{"line":167,"column":0},"end":{"line":167,"column":6}},"167":{"start":{"line":168,"column":0},"end":{"line":168,"column":0}},"168":{"start":{"line":169,"column":0},"end":{"line":169,"column":37}},"169":{"start":{"line":170,"column":0},"end":{"line":170,"column":32}},"170":{"start":{"line":171,"column":0},"end":{"line":171,"column":6}},"171":{"start":{"line":172,"column":0},"end":{"line":172,"column":0}},"172":{"start":{"line":173,"column":0},"end":{"line":173,"column":47}},"173":{"start":{"line":174,"column":0},"end":{"line":174,"column":43}},"174":{"start":{"line":175,"column":0},"end":{"line":175,"column":19}},"175":{"start":{"line":176,"column":0},"end":{"line":176,"column":17}},"176":{"start":{"line":177,"column":0},"end":{"line":177,"column":63}},"177":{"start":{"line":178,"column":0},"end":{"line":178,"column":40}},"178":{"start":{"line":179,"column":0},"end":{"line":179,"column":59}},"179":{"start":{"line":180,"column":0},"end":{"line":180,"column":29}},"180":{"start":{"line":181,"column":0},"end":{"line":181,"column":57}},"181":{"start":{"line":182,"column":0},"end":{"line":182,"column":13}},"182":{"start":{"line":183,"column":0},"end":{"line":183,"column":9}},"183":{"start":{"line":184,"column":0},"end":{"line":184,"column":6}},"184":{"start":{"line":185,"column":0},"end":{"line":185,"column":0}},"185":{"start":{"line":186,"column":0},"end":{"line":186,"column":53}},"186":{"start":{"line":187,"column":0},"end":{"line":187,"column":49}},"187":{"start":{"line":188,"column":0},"end":{"line":188,"column":31}},"188":{"start":{"line":189,"column":0},"end":{"line":189,"column":80}},"189":{"start":{"line":190,"column":0},"end":{"line":190,"column":58}},"190":{"start":{"line":191,"column":0},"end":{"line":191,"column":8}},"191":{"start":{"line":192,"column":0},"end":{"line":192,"column":64}},"192":{"start":{"line":193,"column":0},"end":{"line":193,"column":59}},"193":{"start":{"line":194,"column":0},"end":{"line":194,"column":8}},"194":{"start":{"line":195,"column":0},"end":{"line":195,"column":77}},"195":{"start":{"line":196,"column":0},"end":{"line":196,"column":19}},"196":{"start":{"line":197,"column":0},"end":{"line":197,"column":9}},"197":{"start":{"line":198,"column":0},"end":{"line":198,"column":30}},"198":{"start":{"line":199,"column":0},"end":{"line":199,"column":6}},"199":{"start":{"line":200,"column":0},"end":{"line":200,"column":0}},"200":{"start":{"line":201,"column":0},"end":{"line":201,"column":29}},"201":{"start":{"line":202,"column":0},"end":{"line":202,"column":22}},"202":{"start":{"line":203,"column":0},"end":{"line":203,"column":21}},"203":{"start":{"line":204,"column":0},"end":{"line":204,"column":31}},"204":{"start":{"line":205,"column":0},"end":{"line":205,"column":24}},"205":{"start":{"line":206,"column":0},"end":{"line":206,"column":21}},"206":{"start":{"line":207,"column":0},"end":{"line":207,"column":33}},"207":{"start":{"line":208,"column":0},"end":{"line":208,"column":42}},"208":{"start":{"line":209,"column":0},"end":{"line":209,"column":37}},"209":{"start":{"line":210,"column":0},"end":{"line":210,"column":29}},"210":{"start":{"line":211,"column":0},"end":{"line":211,"column":23}},"211":{"start":{"line":212,"column":0},"end":{"line":212,"column":26}},"212":{"start":{"line":213,"column":0},"end":{"line":213,"column":24}},"213":{"start":{"line":214,"column":0},"end":{"line":214,"column":10}},"214":{"start":{"line":215,"column":0},"end":{"line":215,"column":42}},"215":{"start":{"line":216,"column":0},"end":{"line":216,"column":6}},"216":{"start":{"line":217,"column":0},"end":{"line":217,"column":0}},"217":{"start":{"line":218,"column":0},"end":{"line":218,"column":26}},"218":{"start":{"line":219,"column":0},"end":{"line":219,"column":29}},"219":{"start":{"line":220,"column":0},"end":{"line":220,"column":30}},"220":{"start":{"line":221,"column":0},"end":{"line":221,"column":6}},"221":{"start":{"line":222,"column":0},"end":{"line":222,"column":0}},"222":{"start":{"line":223,"column":0},"end":{"line":223,"column":21}},"223":{"start":{"line":224,"column":0},"end":{"line":224,"column":26}},"224":{"start":{"line":225,"column":0},"end":{"line":225,"column":7}},"225":{"start":{"line":226,"column":0},"end":{"line":226,"column":0}},"226":{"start":{"line":227,"column":0},"end":{"line":227,"column":12}},"227":{"start":{"line":228,"column":0},"end":{"line":228,"column":18}},"228":{"start":{"line":229,"column":0},"end":{"line":229,"column":18}},"229":{"start":{"line":230,"column":0},"end":{"line":230,"column":29}},"230":{"start":{"line":231,"column":0},"end":{"line":231,"column":13}},"231":{"start":{"line":232,"column":0},"end":{"line":232,"column":18}},"232":{"start":{"line":233,"column":0},"end":{"line":233,"column":24}},"233":{"start":{"line":234,"column":0},"end":{"line":234,"column":23}},"234":{"start":{"line":235,"column":0},"end":{"line":235,"column":25}},"235":{"start":{"line":236,"column":0},"end":{"line":236,"column":24}},"236":{"start":{"line":237,"column":0},"end":{"line":237,"column":26}},"237":{"start":{"line":238,"column":0},"end":{"line":238,"column":26}},"238":{"start":{"line":239,"column":0},"end":{"line":239,"column":25}},"239":{"start":{"line":240,"column":0},"end":{"line":240,"column":21}},"240":{"start":{"line":241,"column":0},"end":{"line":241,"column":15}},"241":{"start":{"line":242,"column":0},"end":{"line":242,"column":18}},"242":{"start":{"line":243,"column":0},"end":{"line":243,"column":20}},"243":{"start":{"line":244,"column":0},"end":{"line":244,"column":21}},"244":{"start":{"line":245,"column":0},"end":{"line":245,"column":27}},"245":{"start":{"line":246,"column":0},"end":{"line":246,"column":19}},"246":{"start":{"line":247,"column":0},"end":{"line":247,"column":17}},"247":{"start":{"line":248,"column":0},"end":{"line":248,"column":17}},"248":{"start":{"line":249,"column":0},"end":{"line":249,"column":17}},"249":{"start":{"line":250,"column":0},"end":{"line":250,"column":22}},"250":{"start":{"line":251,"column":0},"end":{"line":251,"column":6}},"251":{"start":{"line":252,"column":0},"end":{"line":252,"column":1}}},"s":{"0":1,"1":1,"2":1,"3":1,"4":1,"5":1,"6":7,"7":7,"8":7,"9":7,"10":7,"11":7,"12":7,"13":7,"14":7,"15":7,"16":7,"17":7,"18":7,"19":7,"20":7,"21":7,"22":7,"23":7,"24":7,"25":7,"26":7,"27":7,"28":7,"29":7,"30":7,"31":7,"32":7,"33":7,"34":7,"35":7,"36":7,"37":7,"38":7,"39":7,"40":7,"41":0,"42":0,"43":0,"44":7,"45":7,"46":7,"47":0,"48":0,"49":0,"50":7,"51":7,"52":7,"53":0,"54":0,"55":0,"56":7,"57":7,"58":7,"59":3,"60":3,"61":3,"62":3,"63":3,"64":3,"65":3,"66":3,"67":3,"68":3,"69":3,"70":0,"71":0,"72":3,"73":3,"74":3,"75":0,"76":0,"77":0,"78":0,"79":0,"80":3,"81":3,"82":0,"83":0,"84":3,"85":3,"86":0,"87":0,"88":0,"89":0,"90":0,"91":3,"92":3,"93":7,"94":7,"95":7,"96":10,"97":10,"98":10,"99":6,"100":6,"101":10,"102":0,"103":0,"104":7,"105":7,"106":7,"107":0,"108":0,"109":0,"110":0,"111":0,"112":0,"113":0,"114":0,"115":0,"116":0,"117":0,"118":0,"119":0,"120":0,"121":0,"122":7,"123":7,"124":7,"125":1,"126":1,"127":1,"128":1,"129":1,"130":1,"131":0,"132":0,"133":1,"134":7,"135":7,"136":7,"137":3,"138":3,"139":0,"140":3,"141":3,"142":2,"143":2,"144":2,"145":2,"146":2,"147":2,"148":1,"149":1,"150":7,"151":7,"152":7,"153":0,"154":0,"155":0,"156":0,"157":0,"158":0,"159":0,"160":0,"161":0,"162":0,"163":0,"164":0,"165":0,"166":7,"167":7,"168":7,"169":0,"170":7,"171":7,"172":7,"173":0,"174":0,"175":0,"176":0,"177":0,"178":0,"179":0,"180":0,"181":0,"182":0,"183":7,"184":7,"185":7,"186":0,"187":0,"188":0,"189":0,"190":0,"191":0,"192":0,"193":0,"194":0,"195":0,"196":0,"197":0,"198":7,"199":7,"200":7,"201":2,"202":2,"203":2,"204":2,"205":2,"206":2,"207":2,"208":2,"209":2,"210":2,"211":2,"212":2,"213":2,"214":2,"215":7,"216":7,"217":7,"218":0,"219":0,"220":7,"221":7,"222":7,"223":7,"224":7,"225":7,"226":7,"227":7,"228":7,"229":7,"230":7,"231":7,"232":7,"233":7,"234":7,"235":7,"236":7,"237":7,"238":7,"239":7,"240":7,"241":7,"242":7,"243":7,"244":7,"245":7,"246":7,"247":7,"248":7,"249":7,"250":7,"251":7},"branchMap":{"0":{"type":"branch","line":6,"loc":{"start":{"line":6,"column":7},"end":{"line":252,"column":1}},"locations":[{"start":{"line":6,"column":7},"end":{"line":252,"column":1}}]},"1":{"type":"branch","line":31,"loc":{"start":{"line":31,"column":40},"end":{"line":35,"column":5}},"locations":[{"start":{"line":31,"column":40},"end":{"line":35,"column":5}}]},"2":{"type":"branch","line":37,"loc":{"start":{"line":37,"column":32},"end":{"line":39,"column":5}},"locations":[{"start":{"line":37,"column":32},"end":{"line":39,"column":5}}]},"3":{"type":"branch","line":59,"loc":{"start":{"line":59,"column":36},"end":{"line":94,"column":5}},"locations":[{"start":{"line":59,"column":36},"end":{"line":94,"column":5}}]},"4":{"type":"branch","line":70,"loc":{"start":{"line":70,"column":13},"end":{"line":72,"column":13}},"locations":[{"start":{"line":70,"column":13},"end":{"line":72,"column":13}}]},"5":{"type":"branch","line":75,"loc":{"start":{"line":75,"column":27},"end":{"line":80,"column":9}},"locations":[{"start":{"line":75,"column":27},"end":{"line":80,"column":9}}]},"6":{"type":"branch","line":82,"loc":{"start":{"line":82,"column":51},"end":{"line":84,"column":9}},"locations":[{"start":{"line":82,"column":51},"end":{"line":84,"column":9}}]},"7":{"type":"branch","line":86,"loc":{"start":{"line":86,"column":40},"end":{"line":91,"column":9}},"locations":[{"start":{"line":86,"column":40},"end":{"line":91,"column":9}}]},"8":{"type":"branch","line":96,"loc":{"start":{"line":96,"column":28},"end":{"line":105,"column":5}},"locations":[{"start":{"line":96,"column":28},"end":{"line":105,"column":5}}]},"9":{"type":"branch","line":99,"loc":{"start":{"line":99,"column":25},"end":{"line":99,"column":41}},"locations":[{"start":{"line":99,"column":25},"end":{"line":99,"column":41}}]},"10":{"type":"branch","line":99,"loc":{"start":{"line":99,"column":43},"end":{"line":101,"column":13}},"locations":[{"start":{"line":99,"column":43},"end":{"line":101,"column":13}}]},"11":{"type":"branch","line":102,"loc":{"start":{"line":102,"column":10},"end":{"line":104,"column":9}},"locations":[{"start":{"line":102,"column":10},"end":{"line":104,"column":9}}]},"12":{"type":"branch","line":125,"loc":{"start":{"line":125,"column":29},"end":{"line":135,"column":5}},"locations":[{"start":{"line":125,"column":29},"end":{"line":135,"column":5}}]},"13":{"type":"branch","line":131,"loc":{"start":{"line":131,"column":14},"end":{"line":133,"column":13}},"locations":[{"start":{"line":131,"column":14},"end":{"line":133,"column":13}}]},"14":{"type":"branch","line":137,"loc":{"start":{"line":137,"column":28},"end":{"line":151,"column":5}},"locations":[{"start":{"line":137,"column":28},"end":{"line":151,"column":5}}]},"15":{"type":"branch","line":139,"loc":{"start":{"line":139,"column":44},"end":{"line":141,"column":13}},"locations":[{"start":{"line":139,"column":44},"end":{"line":141,"column":13}}]},"16":{"type":"branch","line":143,"loc":{"start":{"line":143,"column":-2},"end":{"line":150,"column":9}},"locations":[{"start":{"line":143,"column":-2},"end":{"line":150,"column":9}}]},"17":{"type":"branch","line":148,"loc":{"start":{"line":148,"column":10},"end":{"line":150,"column":9}},"locations":[{"start":{"line":148,"column":10},"end":{"line":150,"column":9}}]},"18":{"type":"branch","line":201,"loc":{"start":{"line":201,"column":22},"end":{"line":216,"column":5}},"locations":[{"start":{"line":201,"column":22},"end":{"line":216,"column":5}}]},"19":{"type":"branch","line":223,"loc":{"start":{"line":223,"column":14},"end":{"line":225,"column":5}},"locations":[{"start":{"line":223,"column":14},"end":{"line":225,"column":5}}]}},"b":{"0":[7],"1":[7],"2":[7],"3":[3],"4":[0],"5":[0],"6":[0],"7":[0],"8":[10],"9":[6],"10":[6],"11":[0],"12":[1],"13":[0],"14":[3],"15":[0],"16":[2],"17":[1],"18":[2],"19":[7]},"fnMap":{"0":{"name":"usePacientes","decl":{"start":{"line":6,"column":7},"end":{"line":252,"column":1}},"loc":{"start":{"line":6,"column":7},"end":{"line":252,"column":1}},"line":6},"1":{"name":"nextPage","decl":{"start":{"line":41,"column":21},"end":{"line":45,"column":5}},"loc":{"start":{"line":41,"column":21},"end":{"line":45,"column":5}},"line":41},"2":{"name":"prevPage","decl":{"start":{"line":47,"column":21},"end":{"line":51,"column":5}},"loc":{"start":{"line":47,"column":21},"end":{"line":51,"column":5}},"line":47},"3":{"name":"goToPage","decl":{"start":{"line":53,"column":21},"end":{"line":57,"column":5}},"loc":{"start":{"line":53,"column":21},"end":{"line":57,"column":5}},"line":53},"4":{"name":"cargarPacientes","decl":{"start":{"line":96,"column":28},"end":{"line":105,"column":5}},"loc":{"start":{"line":96,"column":28},"end":{"line":105,"column":5}},"line":96},"5":{"name":"editarPaciente","decl":{"start":{"line":107,"column":27},"end":{"line":123,"column":5}},"loc":{"start":{"line":107,"column":27},"end":{"line":123,"column":5}},"line":107},"6":{"name":"eliminarPaciente","decl":{"start":{"line":125,"column":29},"end":{"line":135,"column":5}},"loc":{"start":{"line":125,"column":29},"end":{"line":135,"column":5}},"line":125},"7":{"name":"guardarPaciente","decl":{"start":{"line":137,"column":28},"end":{"line":151,"column":5}},"loc":{"start":{"line":137,"column":28},"end":{"line":151,"column":5}},"line":137},"8":{"name":"exportarPacientes","decl":{"start":{"line":153,"column":30},"end":{"line":167,"column":5}},"loc":{"start":{"line":153,"column":30},"end":{"line":167,"column":5}},"line":153},"9":{"name":"importarPacientes","decl":{"start":{"line":169,"column":30},"end":{"line":171,"column":5}},"loc":{"start":{"line":169,"column":30},"end":{"line":171,"column":5}},"line":169},"10":{"name":"handleFileUpload","decl":{"start":{"line":173,"column":29},"end":{"line":184,"column":5}},"loc":{"start":{"line":173,"column":29},"end":{"line":184,"column":5}},"line":173},"11":{"name":"calcularEdad","decl":{"start":{"line":186,"column":25},"end":{"line":199,"column":5}},"loc":{"start":{"line":186,"column":25},"end":{"line":199,"column":5}},"line":186},"12":{"name":"resetForm","decl":{"start":{"line":201,"column":22},"end":{"line":216,"column":5}},"loc":{"start":{"line":201,"column":22},"end":{"line":216,"column":5}},"line":201},"13":{"name":"logout","decl":{"start":{"line":218,"column":19},"end":{"line":221,"column":5}},"loc":{"start":{"line":218,"column":19},"end":{"line":221,"column":5}},"line":218}},"f":{"0":7,"1":0,"2":0,"3":0,"4":10,"5":0,"6":1,"7":3,"8":0,"9":0,"10":0,"11":0,"12":2,"13":0}}
,"C:\\SoftPrueba\\Front-Vue.js\\src\\router\\index.js": {"path":"C:\\SoftPrueba\\Front-Vue.js\\src\\router\\index.js","all":true,"statementMap":{"0":{"start":{"line":1,"column":0},"end":{"line":1,"column":60}},"1":{"start":{"line":2,"column":0},"end":{"line":2,"column":54}},"2":{"start":{"line":3,"column":0},"end":{"line":3,"column":47}},"3":{"start":{"line":4,"column":0},"end":{"line":4,"column":55}},"4":{"start":{"line":5,"column":0},"end":{"line":5,"column":0}},"5":{"start":{"line":6,"column":0},"end":{"line":6,"column":16}},"6":{"start":{"line":7,"column":0},"end":{"line":7,"column":3}},"7":{"start":{"line":8,"column":0},"end":{"line":8,"column":14}},"8":{"start":{"line":9,"column":0},"end":{"line":9,"column":22}},"9":{"start":{"line":10,"column":0},"end":{"line":10,"column":4}},"10":{"start":{"line":11,"column":0},"end":{"line":11,"column":3}},"11":{"start":{"line":12,"column":0},"end":{"line":12,"column":19}},"12":{"start":{"line":13,"column":0},"end":{"line":13,"column":18}},"13":{"start":{"line":14,"column":0},"end":{"line":14,"column":25}},"14":{"start":{"line":15,"column":0},"end":{"line":15,"column":33}},"15":{"start":{"line":16,"column":0},"end":{"line":16,"column":4}},"16":{"start":{"line":17,"column":0},"end":{"line":17,"column":3}},"17":{"start":{"line":18,"column":0},"end":{"line":18,"column":23}},"18":{"start":{"line":19,"column":0},"end":{"line":19,"column":22}},"19":{"start":{"line":20,"column":0},"end":{"line":20,"column":29}},"20":{"start":{"line":21,"column":0},"end":{"line":21,"column":32}},"21":{"start":{"line":22,"column":0},"end":{"line":22,"column":3}},"22":{"start":{"line":23,"column":0},"end":{"line":23,"column":2}},"23":{"start":{"line":24,"column":0},"end":{"line":24,"column":0}},"24":{"start":{"line":25,"column":0},"end":{"line":25,"column":29}},"25":{"start":{"line":26,"column":0},"end":{"line":26,"column":30}},"26":{"start":{"line":27,"column":0},"end":{"line":27,"column":8}},"27":{"start":{"line":28,"column":0},"end":{"line":28,"column":3}},"28":{"start":{"line":29,"column":0},"end":{"line":29,"column":0}},"29":{"start":{"line":30,"column":0},"end":{"line":30,"column":39}},"30":{"start":{"line":31,"column":0},"end":{"line":31,"column":75}},"31":{"start":{"line":32,"column":0},"end":{"line":32,"column":56}},"32":{"start":{"line":33,"column":0},"end":{"line":33,"column":0}},"33":{"start":{"line":34,"column":0},"end":{"line":34,"column":41}},"34":{"start":{"line":35,"column":0},"end":{"line":35,"column":19}},"35":{"start":{"line":36,"column":0},"end":{"line":36,"column":55}},"36":{"start":{"line":37,"column":0},"end":{"line":37,"column":23}},"37":{"start":{"line":38,"column":0},"end":{"line":38,"column":10}},"38":{"start":{"line":39,"column":0},"end":{"line":39,"column":11}},"39":{"start":{"line":40,"column":0},"end":{"line":40,"column":3}},"40":{"start":{"line":41,"column":0},"end":{"line":41,"column":3}},"41":{"start":{"line":42,"column":0},"end":{"line":42,"column":0}},"42":{"start":{"line":43,"column":0},"end":{"line":43,"column":22}}},"s":{"0":0,"1":0,"2":0,"3":0,"4":0,"5":0,"6":0,"7":0,"8":0,"9":0,"10":0,"11":0,"12":0,"13":0,"14":0,"15":0,"16":0,"17":0,"18":0,"19":0,"20":0,"21":0,"22":0,"23":0,"24":0,"25":0,"26":0,"27":0,"28":0,"29":0,"30":0,"31":0,"32":0,"33":0,"34":0,"35":0,"36":0,"37":0,"38":0,"39":0,"40":0,"41":0,"42":0},"branchMap":{"0":{"type":"branch","line":1,"loc":{"start":{"line":1,"column":1002},"end":{"line":43,"column":22}},"locations":[{"start":{"line":1,"column":1002},"end":{"line":43,"column":22}}]}},"b":{"0":[0]},"fnMap":{"0":{"name":"(empty-report)","decl":{"start":{"line":1,"column":1002},"end":{"line":43,"column":22}},"loc":{"start":{"line":1,"column":1002},"end":{"line":43,"column":22}},"line":1}},"f":{"0":0}}
,"C:\\SoftPrueba\\Front-Vue.js\\src\\services\\authService.js": {"path":"C:\\SoftPrueba\\Front-Vue.js\\src\\services\\authService.js","all":false,"statementMap":{"0":{"start":{"line":1,"column":0},"end":{"line":1,"column":49}},"1":{"start":{"line":2,"column":0},"end":{"line":2,"column":0}},"2":{"start":{"line":3,"column":0},"end":{"line":3,"column":40}},"3":{"start":{"line":4,"column":0},"end":{"line":4,"column":0}},"4":{"start":{"line":5,"column":0},"end":{"line":5,"column":31}},"5":{"start":{"line":6,"column":0},"end":{"line":6,"column":39}},"6":{"start":{"line":7,"column":0},"end":{"line":7,"column":0}},"7":{"start":{"line":8,"column":0},"end":{"line":8,"column":28}},"8":{"start":{"line":9,"column":0},"end":{"line":9,"column":42}},"9":{"start":{"line":10,"column":0},"end":{"line":10,"column":13}},"10":{"start":{"line":11,"column":0},"end":{"line":11,"column":64}},"11":{"start":{"line":12,"column":0},"end":{"line":12,"column":12}},"12":{"start":{"line":13,"column":0},"end":{"line":13,"column":74}},"13":{"start":{"line":14,"column":0},"end":{"line":14,"column":26}},"14":{"start":{"line":15,"column":0},"end":{"line":15,"column":60}},"15":{"start":{"line":16,"column":0},"end":{"line":16,"column":54}},"16":{"start":{"line":17,"column":0},"end":{"line":17,"column":17}},"17":{"start":{"line":18,"column":0},"end":{"line":18,"column":15}},"18":{"start":{"line":19,"column":0},"end":{"line":19,"column":12}},"19":{"start":{"line":20,"column":0},"end":{"line":20,"column":42}},"20":{"start":{"line":21,"column":0},"end":{"line":21,"column":61}},"21":{"start":{"line":22,"column":0},"end":{"line":22,"column":39}},"22":{"start":{"line":23,"column":0},"end":{"line":23,"column":39}},"23":{"start":{"line":24,"column":0},"end":{"line":24,"column":44}},"24":{"start":{"line":25,"column":0},"end":{"line":25,"column":20}},"25":{"start":{"line":26,"column":0},"end":{"line":26,"column":28}},"26":{"start":{"line":27,"column":0},"end":{"line":27,"column":13}},"27":{"start":{"line":28,"column":0},"end":{"line":28,"column":25}},"28":{"start":{"line":29,"column":0},"end":{"line":29,"column":25}},"29":{"start":{"line":30,"column":0},"end":{"line":30,"column":52}},"30":{"start":{"line":31,"column":0},"end":{"line":31,"column":47}},"31":{"start":{"line":32,"column":0},"end":{"line":32,"column":136}},"32":{"start":{"line":33,"column":0},"end":{"line":33,"column":13}},"33":{"start":{"line":34,"column":0},"end":{"line":34,"column":66}},"34":{"start":{"line":35,"column":0},"end":{"line":35,"column":58}},"35":{"start":{"line":36,"column":0},"end":{"line":36,"column":13}},"36":{"start":{"line":37,"column":0},"end":{"line":37,"column":65}},"37":{"start":{"line":38,"column":0},"end":{"line":38,"column":9}},"38":{"start":{"line":39,"column":0},"end":{"line":39,"column":6}},"39":{"start":{"line":40,"column":0},"end":{"line":40,"column":0}},"40":{"start":{"line":41,"column":0},"end":{"line":41,"column":19}},"41":{"start":{"line":42,"column":0},"end":{"line":42,"column":40}},"42":{"start":{"line":43,"column":0},"end":{"line":43,"column":6}},"43":{"start":{"line":44,"column":0},"end":{"line":44,"column":0}},"44":{"start":{"line":45,"column":0},"end":{"line":45,"column":27}},"45":{"start":{"line":46,"column":0},"end":{"line":46,"column":56}},"46":{"start":{"line":47,"column":0},"end":{"line":47,"column":6}},"47":{"start":{"line":48,"column":0},"end":{"line":48,"column":0}},"48":{"start":{"line":49,"column":0},"end":{"line":49,"column":28}},"49":{"start":{"line":50,"column":0},"end":{"line":50,"column":46}},"50":{"start":{"line":51,"column":0},"end":{"line":51,"column":6}},"51":{"start":{"line":52,"column":0},"end":{"line":52,"column":0}},"52":{"start":{"line":53,"column":0},"end":{"line":53,"column":26}},"53":{"start":{"line":54,"column":0},"end":{"line":54,"column":50}},"54":{"start":{"line":55,"column":0},"end":{"line":55,"column":39}},"55":{"start":{"line":56,"column":0},"end":{"line":56,"column":20}},"56":{"start":{"line":57,"column":0},"end":{"line":57,"column":61}},"57":{"start":{"line":58,"column":0},"end":{"line":58,"column":50}},"58":{"start":{"line":59,"column":0},"end":{"line":59,"column":14}},"59":{"start":{"line":60,"column":0},"end":{"line":60,"column":9}},"60":{"start":{"line":61,"column":0},"end":{"line":61,"column":16}},"61":{"start":{"line":62,"column":0},"end":{"line":62,"column":46}},"62":{"start":{"line":63,"column":0},"end":{"line":63,"column":10}},"63":{"start":{"line":64,"column":0},"end":{"line":64,"column":5}},"64":{"start":{"line":65,"column":0},"end":{"line":65,"column":2}}},"s":{"0":1,"1":1,"2":1,"3":1,"4":1,"5":1,"6":1,"7":1,"8":1,"9":4,"10":4,"11":4,"12":4,"13":4,"14":4,"15":4,"16":4,"17":4,"18":1,"19":1,"20":1,"21":1,"22":1,"23":1,"24":1,"25":1,"26":1,"27":0,"28":4,"29":3,"30":3,"31":1,"32":1,"33":3,"34":1,"35":1,"36":1,"37":1,"38":1,"39":1,"40":1,"41":1,"42":1,"43":1,"44":1,"45":4,"46":1,"47":1,"48":1,"49":2,"50":1,"51":1,"52":1,"53":4,"54":4,"55":0,"56":0,"57":0,"58":0,"59":0,"60":4,"61":4,"62":4,"63":4,"64":1},"branchMap":{"0":{"type":"branch","line":9,"loc":{"start":{"line":9,"column":11},"end":{"line":39,"column":5}},"locations":[{"start":{"line":9,"column":11},"end":{"line":39,"column":5}}]},"1":{"type":"branch","line":19,"loc":{"start":{"line":19,"column":-2},"end":{"line":27,"column":13}},"locations":[{"start":{"line":19,"column":-2},"end":{"line":27,"column":13}}]},"2":{"type":"branch","line":27,"loc":{"start":{"line":27,"column":12},"end":{"line":29,"column":10}},"locations":[{"start":{"line":27,"column":12},"end":{"line":29,"column":10}}]},"3":{"type":"branch","line":29,"loc":{"start":{"line":29,"column":10},"end":{"line":38,"column":9}},"locations":[{"start":{"line":29,"column":10},"end":{"line":38,"column":9}}]},"4":{"type":"branch","line":31,"loc":{"start":{"line":31,"column":46},"end":{"line":33,"column":13}},"locations":[{"start":{"line":31,"column":46},"end":{"line":33,"column":13}}]},"5":{"type":"branch","line":33,"loc":{"start":{"line":33,"column":12},"end":{"line":34,"column":31}},"locations":[{"start":{"line":33,"column":12},"end":{"line":34,"column":31}}]},"6":{"type":"branch","line":34,"loc":{"start":{"line":34,"column":31},"end":{"line":34,"column":63}},"locations":[{"start":{"line":34,"column":31},"end":{"line":34,"column":63}}]},"7":{"type":"branch","line":34,"loc":{"start":{"line":34,"column":65},"end":{"line":38,"column":9}},"locations":[{"start":{"line":34,"column":65},"end":{"line":38,"column":9}}]},"8":{"type":"branch","line":41,"loc":{"start":{"line":41,"column":12},"end":{"line":43,"column":5}},"locations":[{"start":{"line":41,"column":12},"end":{"line":43,"column":5}}]},"9":{"type":"branch","line":45,"loc":{"start":{"line":45,"column":20},"end":{"line":47,"column":5}},"locations":[{"start":{"line":45,"column":20},"end":{"line":47,"column":5}}]},"10":{"type":"branch","line":49,"loc":{"start":{"line":49,"column":21},"end":{"line":51,"column":5}},"locations":[{"start":{"line":49,"column":21},"end":{"line":51,"column":5}}]},"11":{"type":"branch","line":53,"loc":{"start":{"line":53,"column":19},"end":{"line":64,"column":5}},"locations":[{"start":{"line":53,"column":19},"end":{"line":64,"column":5}}]},"12":{"type":"branch","line":55,"loc":{"start":{"line":55,"column":17},"end":{"line":55,"column":36}},"locations":[{"start":{"line":55,"column":17},"end":{"line":55,"column":36}}]},"13":{"type":"branch","line":55,"loc":{"start":{"line":55,"column":38},"end":{"line":60,"column":9}},"locations":[{"start":{"line":55,"column":38},"end":{"line":60,"column":9}}]}},"b":{"0":[4],"1":[1],"2":[0],"3":[3],"4":[1],"5":[2],"6":[1],"7":[1],"8":[1],"9":[4],"10":[2],"11":[4],"12":[0],"13":[0]},"fnMap":{"0":{"name":"login","decl":{"start":{"line":9,"column":11},"end":{"line":39,"column":5}},"loc":{"start":{"line":9,"column":11},"end":{"line":39,"column":5}},"line":9},"1":{"name":"logout","decl":{"start":{"line":41,"column":12},"end":{"line":43,"column":5}},"loc":{"start":{"line":41,"column":12},"end":{"line":43,"column":5}},"line":41},"2":{"name":"getCurrentUser","decl":{"start":{"line":45,"column":20},"end":{"line":47,"column":5}},"loc":{"start":{"line":45,"column":20},"end":{"line":47,"column":5}},"line":45},"3":{"name":"isAuthenticated","decl":{"start":{"line":49,"column":21},"end":{"line":51,"column":5}},"loc":{"start":{"line":49,"column":21},"end":{"line":51,"column":5}},"line":49},"4":{"name":"getAuthHeader","decl":{"start":{"line":53,"column":19},"end":{"line":64,"column":5}},"loc":{"start":{"line":53,"column":19},"end":{"line":64,"column":5}},"line":53}},"f":{"0":4,"1":1,"2":4,"3":2,"4":4}}
,"C:\\SoftPrueba\\Front-Vue.js\\src\\services\\pacientesService.js": {"path":"C:\\SoftPrueba\\Front-Vue.js\\src\\services\\pacientesService.js","all":false,"statementMap":{"0":{"start":{"line":1,"column":0},"end":{"line":1,"column":49}},"1":{"start":{"line":2,"column":0},"end":{"line":2,"column":59}},"2":{"start":{"line":3,"column":0},"end":{"line":3,"column":0}},"3":{"start":{"line":4,"column":0},"end":{"line":4,"column":54}},"4":{"start":{"line":5,"column":0},"end":{"line":5,"column":0}},"5":{"start":{"line":6,"column":0},"end":{"line":6,"column":29}},"6":{"start":{"line":7,"column":0},"end":{"line":7,"column":12}},"7":{"start":{"line":8,"column":0},"end":{"line":8,"column":18}},"8":{"start":{"line":9,"column":0},"end":{"line":9,"column":42}},"9":{"start":{"line":10,"column":0},"end":{"line":10,"column":9}},"10":{"start":{"line":11,"column":0},"end":{"line":11,"column":6}},"11":{"start":{"line":12,"column":0},"end":{"line":12,"column":2}},"12":{"start":{"line":13,"column":0},"end":{"line":13,"column":0}},"13":{"start":{"line":14,"column":0},"end":{"line":14,"column":33}},"14":{"start":{"line":15,"column":0},"end":{"line":15,"column":0}},"15":{"start":{"line":16,"column":0},"end":{"line":16,"column":34}},"16":{"start":{"line":17,"column":0},"end":{"line":17,"column":13}},"17":{"start":{"line":18,"column":0},"end":{"line":18,"column":71}},"18":{"start":{"line":19,"column":0},"end":{"line":19,"column":33}},"19":{"start":{"line":20,"column":0},"end":{"line":20,"column":25}},"20":{"start":{"line":21,"column":0},"end":{"line":21,"column":24}},"21":{"start":{"line":22,"column":0},"end":{"line":22,"column":9}},"22":{"start":{"line":23,"column":0},"end":{"line":23,"column":6}},"23":{"start":{"line":24,"column":0},"end":{"line":24,"column":0}},"24":{"start":{"line":25,"column":0},"end":{"line":25,"column":0}},"25":{"start":{"line":26,"column":0},"end":{"line":26,"column":36}},"26":{"start":{"line":27,"column":0},"end":{"line":27,"column":13}},"27":{"start":{"line":28,"column":0},"end":{"line":28,"column":82}},"28":{"start":{"line":29,"column":0},"end":{"line":29,"column":33}},"29":{"start":{"line":30,"column":0},"end":{"line":30,"column":25}},"30":{"start":{"line":31,"column":0},"end":{"line":31,"column":24}},"31":{"start":{"line":32,"column":0},"end":{"line":32,"column":9}},"32":{"start":{"line":33,"column":0},"end":{"line":33,"column":6}},"33":{"start":{"line":34,"column":0},"end":{"line":34,"column":0}},"34":{"start":{"line":35,"column":0},"end":{"line":35,"column":0}},"35":{"start":{"line":36,"column":0},"end":{"line":36,"column":41}},"36":{"start":{"line":37,"column":0},"end":{"line":37,"column":13}},"37":{"start":{"line":38,"column":0},"end":{"line":38,"column":97}},"38":{"start":{"line":39,"column":0},"end":{"line":39,"column":33}},"39":{"start":{"line":40,"column":0},"end":{"line":40,"column":25}},"40":{"start":{"line":41,"column":0},"end":{"line":41,"column":24}},"41":{"start":{"line":42,"column":0},"end":{"line":42,"column":9}},"42":{"start":{"line":43,"column":0},"end":{"line":43,"column":6}},"43":{"start":{"line":44,"column":0},"end":{"line":44,"column":0}},"44":{"start":{"line":45,"column":0},"end":{"line":45,"column":0}},"45":{"start":{"line":46,"column":0},"end":{"line":46,"column":41}},"46":{"start":{"line":47,"column":0},"end":{"line":47,"column":13}},"47":{"start":{"line":48,"column":0},"end":{"line":48,"column":97}},"48":{"start":{"line":49,"column":0},"end":{"line":49,"column":33}},"49":{"start":{"line":50,"column":0},"end":{"line":50,"column":25}},"50":{"start":{"line":51,"column":0},"end":{"line":51,"column":24}},"51":{"start":{"line":52,"column":0},"end":{"line":52,"column":9}},"52":{"start":{"line":53,"column":0},"end":{"line":53,"column":6}},"53":{"start":{"line":54,"column":0},"end":{"line":54,"column":0}},"54":{"start":{"line":55,"column":0},"end":{"line":55,"column":0}},"55":{"start":{"line":56,"column":0},"end":{"line":56,"column":35}},"56":{"start":{"line":57,"column":0},"end":{"line":57,"column":13}},"57":{"start":{"line":58,"column":0},"end":{"line":58,"column":94}},"58":{"start":{"line":59,"column":0},"end":{"line":59,"column":33}},"59":{"start":{"line":60,"column":0},"end":{"line":60,"column":25}},"60":{"start":{"line":61,"column":0},"end":{"line":61,"column":24}},"61":{"start":{"line":62,"column":0},"end":{"line":62,"column":9}},"62":{"start":{"line":63,"column":0},"end":{"line":63,"column":6}},"63":{"start":{"line":64,"column":0},"end":{"line":64,"column":0}},"64":{"start":{"line":65,"column":0},"end":{"line":65,"column":0}},"65":{"start":{"line":66,"column":0},"end":{"line":66,"column":36}},"66":{"start":{"line":67,"column":0},"end":{"line":67,"column":13}},"67":{"start":{"line":68,"column":0},"end":{"line":68,"column":69}},"68":{"start":{"line":69,"column":0},"end":{"line":69,"column":35}},"69":{"start":{"line":70,"column":0},"end":{"line":70,"column":36}},"70":{"start":{"line":71,"column":0},"end":{"line":71,"column":15}},"71":{"start":{"line":72,"column":0},"end":{"line":72,"column":33}},"72":{"start":{"line":73,"column":0},"end":{"line":73,"column":25}},"73":{"start":{"line":74,"column":0},"end":{"line":74,"column":24}},"74":{"start":{"line":75,"column":0},"end":{"line":75,"column":9}},"75":{"start":{"line":76,"column":0},"end":{"line":76,"column":6}},"76":{"start":{"line":77,"column":0},"end":{"line":77,"column":0}},"77":{"start":{"line":78,"column":0},"end":{"line":78,"column":0}},"78":{"start":{"line":79,"column":0},"end":{"line":79,"column":40}},"79":{"start":{"line":80,"column":0},"end":{"line":80,"column":13}},"80":{"start":{"line":81,"column":0},"end":{"line":81,"column":44}},"81":{"start":{"line":82,"column":0},"end":{"line":82,"column":42}},"82":{"start":{"line":83,"column":0},"end":{"line":83,"column":80}},"83":{"start":{"line":84,"column":0},"end":{"line":84,"column":35}},"84":{"start":{"line":85,"column":0},"end":{"line":85,"column":26}},"85":{"start":{"line":86,"column":0},"end":{"line":86,"column":47}},"86":{"start":{"line":87,"column":0},"end":{"line":87,"column":57}},"87":{"start":{"line":88,"column":0},"end":{"line":88,"column":17}},"88":{"start":{"line":89,"column":0},"end":{"line":89,"column":15}},"89":{"start":{"line":90,"column":0},"end":{"line":90,"column":33}},"90":{"start":{"line":91,"column":0},"end":{"line":91,"column":25}},"91":{"start":{"line":92,"column":0},"end":{"line":92,"column":24}},"92":{"start":{"line":93,"column":0},"end":{"line":93,"column":9}},"93":{"start":{"line":94,"column":0},"end":{"line":94,"column":5}},"94":{"start":{"line":95,"column":0},"end":{"line":95,"column":2}}},"s":{"0":1,"1":1,"2":1,"3":1,"4":1,"5":1,"6":4,"7":4,"8":4,"9":4,"10":4,"11":4,"12":1,"13":1,"14":1,"15":1,"16":1,"17":1,"18":1,"19":1,"20":0,"21":0,"22":1,"23":1,"24":1,"25":1,"26":0,"27":0,"28":0,"29":0,"30":0,"31":0,"32":1,"33":1,"34":1,"35":1,"36":1,"37":1,"38":1,"39":1,"40":0,"41":0,"42":1,"43":1,"44":1,"45":1,"46":1,"47":1,"48":1,"49":1,"50":0,"51":0,"52":1,"53":1,"54":1,"55":1,"56":1,"57":1,"58":1,"59":1,"60":0,"61":0,"62":1,"63":1,"64":1,"65":1,"66":0,"67":0,"68":0,"69":0,"70":0,"71":0,"72":0,"73":0,"74":0,"75":1,"76":1,"77":1,"78":1,"79":0,"80":0,"81":0,"82":0,"83":0,"84":0,"85":0,"86":0,"87":0,"88":0,"89":0,"90":0,"91":0,"92":0,"93":0,"94":1},"branchMap":{"0":{"type":"branch","line":6,"loc":{"start":{"line":6,"column":22},"end":{"line":12,"column":2}},"locations":[{"start":{"line":6,"column":22},"end":{"line":12,"column":2}}]},"1":{"type":"branch","line":16,"loc":{"start":{"line":16,"column":21},"end":{"line":23,"column":5}},"locations":[{"start":{"line":16,"column":21},"end":{"line":23,"column":5}}]},"2":{"type":"branch","line":20,"loc":{"start":{"line":20,"column":10},"end":{"line":22,"column":9}},"locations":[{"start":{"line":20,"column":10},"end":{"line":22,"column":9}}]},"3":{"type":"branch","line":36,"loc":{"start":{"line":36,"column":20},"end":{"line":43,"column":5}},"locations":[{"start":{"line":36,"column":20},"end":{"line":43,"column":5}}]},"4":{"type":"branch","line":40,"loc":{"start":{"line":40,"column":10},"end":{"line":42,"column":9}},"locations":[{"start":{"line":40,"column":10},"end":{"line":42,"column":9}}]},"5":{"type":"branch","line":46,"loc":{"start":{"line":46,"column":20},"end":{"line":53,"column":5}},"locations":[{"start":{"line":46,"column":20},"end":{"line":53,"column":5}}]},"6":{"type":"branch","line":50,"loc":{"start":{"line":50,"column":10},"end":{"line":52,"column":9}},"locations":[{"start":{"line":50,"column":10},"end":{"line":52,"column":9}}]},"7":{"type":"branch","line":56,"loc":{"start":{"line":56,"column":20},"end":{"line":63,"column":5}},"locations":[{"start":{"line":56,"column":20},"end":{"line":63,"column":5}}]},"8":{"type":"branch","line":60,"loc":{"start":{"line":60,"column":10},"end":{"line":62,"column":9}},"locations":[{"start":{"line":60,"column":10},"end":{"line":62,"column":9}}]}},"b":{"0":[4],"1":[1],"2":[0],"3":[1],"4":[0],"5":[1],"6":[0],"7":[1],"8":[0]},"fnMap":{"0":{"name":"getAuthConfig","decl":{"start":{"line":6,"column":22},"end":{"line":12,"column":2}},"loc":{"start":{"line":6,"column":22},"end":{"line":12,"column":2}},"line":6},"1":{"name":"getAllPacientes","decl":{"start":{"line":16,"column":21},"end":{"line":23,"column":5}},"loc":{"start":{"line":16,"column":21},"end":{"line":23,"column":5}},"line":16},"2":{"name":"getPacienteById","decl":{"start":{"line":26,"column":21},"end":{"line":33,"column":5}},"loc":{"start":{"line":26,"column":21},"end":{"line":33,"column":5}},"line":26},"3":{"name":"createPaciente","decl":{"start":{"line":36,"column":20},"end":{"line":43,"column":5}},"loc":{"start":{"line":36,"column":20},"end":{"line":43,"column":5}},"line":36},"4":{"name":"updatePaciente","decl":{"start":{"line":46,"column":20},"end":{"line":53,"column":5}},"loc":{"start":{"line":46,"column":20},"end":{"line":53,"column":5}},"line":46},"5":{"name":"deletePaciente","decl":{"start":{"line":56,"column":20},"end":{"line":63,"column":5}},"loc":{"start":{"line":56,"column":20},"end":{"line":63,"column":5}},"line":56},"6":{"name":"exportarPacientes","decl":{"start":{"line":66,"column":23},"end":{"line":76,"column":5}},"loc":{"start":{"line":66,"column":23},"end":{"line":76,"column":5}},"line":66},"7":{"name":"importarPacientes","decl":{"start":{"line":79,"column":23},"end":{"line":94,"column":5}},"loc":{"start":{"line":79,"column":23},"end":{"line":94,"column":5}},"line":79}},"f":{"0":4,"1":1,"2":0,"3":1,"4":1,"5":1,"6":0,"7":0}}
,"C:\\SoftPrueba\\Front-Vue.js\\src\\views\\LoginView.vue": {"path":"C:\\SoftPrueba\\Front-Vue.js\\src\\views\\LoginView.vue","all":false,"statementMap":{"1":{"start":{"line":2,"column":0},"end":{"line":2,"column":29}},"2":{"start":{"line":3,"column":0},"end":{"line":3,"column":33}},"3":{"start":{"line":4,"column":0},"end":{"line":4,"column":31}},"4":{"start":{"line":5,"column":0},"end":{"line":5,"column":72}},"5":{"start":{"line":6,"column":0},"end":{"line":6,"column":12}},"6":{"start":{"line":7,"column":0},"end":{"line":7,"column":30}},"7":{"start":{"line":8,"column":0},"end":{"line":8,"column":34}},"8":{"start":{"line":9,"column":0},"end":{"line":9,"column":50}},"9":{"start":{"line":10,"column":0},"end":{"line":10,"column":55}},"10":{"start":{"line":11,"column":0},"end":{"line":11,"column":14}},"11":{"start":{"line":12,"column":0},"end":{"line":12,"column":63}},"12":{"start":{"line":13,"column":0},"end":{"line":13,"column":34}},"13":{"start":{"line":14,"column":0},"end":{"line":14,"column":49}},"14":{"start":{"line":15,"column":0},"end":{"line":15,"column":19}},"15":{"start":{"line":16,"column":0},"end":{"line":16,"column":26}},"16":{"start":{"line":17,"column":0},"end":{"line":17,"column":28}},"17":{"start":{"line":18,"column":0},"end":{"line":18,"column":33}},"18":{"start":{"line":19,"column":0},"end":{"line":19,"column":23}},"19":{"start":{"line":20,"column":0},"end":{"line":20,"column":33}},"20":{"start":{"line":21,"column":0},"end":{"line":21,"column":46}},"21":{"start":{"line":22,"column":0},"end":{"line":22,"column":37}},"22":{"start":{"line":23,"column":0},"end":{"line":23,"column":13}},"23":{"start":{"line":24,"column":0},"end":{"line":24,"column":16}},"24":{"start":{"line":25,"column":0},"end":{"line":25,"column":34}},"25":{"start":{"line":26,"column":0},"end":{"line":26,"column":52}},"26":{"start":{"line":27,"column":0},"end":{"line":27,"column":19}},"27":{"start":{"line":28,"column":0},"end":{"line":28,"column":30}},"28":{"start":{"line":29,"column":0},"end":{"line":29,"column":28}},"29":{"start":{"line":30,"column":0},"end":{"line":30,"column":33}},"30":{"start":{"line":31,"column":0},"end":{"line":31,"column":23}},"31":{"start":{"line":32,"column":0},"end":{"line":32,"column":33}},"32":{"start":{"line":33,"column":0},"end":{"line":33,"column":49}},"33":{"start":{"line":34,"column":0},"end":{"line":34,"column":45}},"34":{"start":{"line":35,"column":0},"end":{"line":35,"column":13}},"35":{"start":{"line":36,"column":0},"end":{"line":36,"column":16}},"36":{"start":{"line":37,"column":0},"end":{"line":37,"column":18}},"37":{"start":{"line":38,"column":0},"end":{"line":38,"column":26}},"38":{"start":{"line":39,"column":0},"end":{"line":39,"column":33}},"39":{"start":{"line":40,"column":0},"end":{"line":40,"column":31}},"41":{"start":{"line":42,"column":0},"end":{"line":42,"column":68}},"42":{"start":{"line":43,"column":0},"end":{"line":43,"column":19}},"43":{"start":{"line":44,"column":0},"end":{"line":44,"column":50}},"44":{"start":{"line":45,"column":0},"end":{"line":45,"column":23}},"45":{"start":{"line":46,"column":0},"end":{"line":46,"column":16}},"46":{"start":{"line":47,"column":0},"end":{"line":47,"column":15}},"47":{"start":{"line":48,"column":0},"end":{"line":48,"column":12}},"48":{"start":{"line":49,"column":0},"end":{"line":49,"column":10}},"49":{"start":{"line":50,"column":0},"end":{"line":50,"column":8}},"53":{"start":{"line":54,"column":0},"end":{"line":54,"column":26}},"54":{"start":{"line":55,"column":0},"end":{"line":55,"column":39}},"55":{"start":{"line":56,"column":0},"end":{"line":56,"column":54}},"56":{"start":{"line":57,"column":0},"end":{"line":57,"column":29}},"57":{"start":{"line":58,"column":0},"end":{"line":58,"column":51}},"59":{"start":{"line":60,"column":0},"end":{"line":60,"column":16}},"60":{"start":{"line":61,"column":0},"end":{"line":61,"column":20}},"61":{"start":{"line":62,"column":0},"end":{"line":62,"column":11}},"62":{"start":{"line":63,"column":0},"end":{"line":63,"column":75}},"64":{"start":{"line":65,"column":0},"end":{"line":65,"column":12}},"65":{"start":{"line":66,"column":0},"end":{"line":66,"column":15}},"66":{"start":{"line":67,"column":0},"end":{"line":67,"column":15}},"67":{"start":{"line":68,"column":0},"end":{"line":68,"column":12}},"68":{"start":{"line":69,"column":0},"end":{"line":69,"column":14}},"69":{"start":{"line":70,"column":0},"end":{"line":70,"column":17}},"70":{"start":{"line":71,"column":0},"end":{"line":71,"column":6}},"71":{"start":{"line":72,"column":0},"end":{"line":72,"column":3}},"72":{"start":{"line":73,"column":0},"end":{"line":73,"column":2}}},"s":{"1":1,"2":1,"3":1,"4":1,"5":1,"6":1,"7":1,"8":1,"9":1,"10":1,"11":1,"12":1,"13":1,"14":1,"15":1,"16":1,"17":1,"18":1,"19":1,"20":1,"21":1,"22":1,"23":1,"24":1,"25":1,"26":1,"27":1,"28":1,"29":1,"30":1,"31":1,"32":1,"33":1,"34":1,"35":1,"36":1,"37":1,"38":1,"39":1,"41":1,"42":1,"43":1,"44":0,"45":1,"46":1,"47":1,"48":1,"49":1,"53":1,"54":1,"55":1,"56":1,"57":1,"59":1,"60":1,"61":1,"62":2,"64":2,"65":2,"66":2,"67":2,"68":2,"69":2,"70":2,"71":2,"72":1},"branchMap":{"0":{"type":"branch","line":62,"loc":{"start":{"line":62,"column":2},"end":{"line":72,"column":3}},"locations":[{"start":{"line":62,"column":2},"end":{"line":72,"column":3}}]},"1":{"type":"branch","line":42,"loc":{"start":{"line":42,"column":22},"end":{"line":42,"column":68}},"locations":[{"start":{"line":42,"column":22},"end":{"line":42,"column":68}}]},"2":{"type":"branch","line":44,"loc":{"start":{"line":44,"column":10},"end":{"line":45,"column":23}},"locations":[{"start":{"line":44,"column":10},"end":{"line":45,"column":23}}]},"3":{"type":"branch","line":12,"loc":{"start":{"line":12,"column":21},"end":{"line":12,"column":44}},"locations":[{"start":{"line":12,"column":21},"end":{"line":12,"column":44}}]}},"b":{"0":[2],"1":[0],"2":[0],"3":[1]},"fnMap":{"0":{"name":"setup","decl":{"start":{"line":62,"column":2},"end":{"line":72,"column":3}},"loc":{"start":{"line":62,"column":2},"end":{"line":72,"column":3}},"line":62},"1":{"name":"onUpdate:modelValue._cache.<computed>._cache.<computed>","decl":{"start":{"line":18,"column":23},"end":{"line":18,"column":33}},"loc":{"start":{"line":18,"column":23},"end":{"line":18,"column":33}},"line":18},"2":{"name":"onUpdate:modelValue._cache.<computed>._cache.<computed>","decl":{"start":{"line":30,"column":23},"end":{"line":30,"column":33}},"loc":{"start":{"line":30,"column":23},"end":{"line":30,"column":33}},"line":30}},"f":{"0":2,"1":0,"2":0}}
,"C:\\SoftPrueba\\Front-Vue.js\\src\\views\\PacientesView.vue": {"path":"C:\\SoftPrueba\\Front-Vue.js\\src\\views\\PacientesView.vue","all":false,"statementMap":{"1":{"start":{"line":2,"column":0},"end":{"line":2,"column":33}},"2":{"start":{"line":3,"column":0},"end":{"line":3,"column":31}},"3":{"start":{"line":4,"column":0},"end":{"line":4,"column":31}},"4":{"start":{"line":5,"column":0},"end":{"line":5,"column":95}},"5":{"start":{"line":6,"column":0},"end":{"line":6,"column":54}},"6":{"start":{"line":7,"column":0},"end":{"line":7,"column":12}},"7":{"start":{"line":8,"column":0},"end":{"line":8,"column":32}},"8":{"start":{"line":9,"column":0},"end":{"line":9,"column":55}},"10":{"start":{"line":11,"column":0},"end":{"line":11,"column":17}},"11":{"start":{"line":12,"column":0},"end":{"line":12,"column":12}},"12":{"start":{"line":13,"column":0},"end":{"line":13,"column":13}},"14":{"start":{"line":15,"column":0},"end":{"line":15,"column":37}},"15":{"start":{"line":16,"column":0},"end":{"line":16,"column":34}},"16":{"start":{"line":17,"column":0},"end":{"line":17,"column":37}},"17":{"start":{"line":18,"column":0},"end":{"line":18,"column":37}},"18":{"start":{"line":19,"column":0},"end":{"line":19,"column":68}},"20":{"start":{"line":21,"column":0},"end":{"line":21,"column":19}},"21":{"start":{"line":22,"column":0},"end":{"line":22,"column":71}},"23":{"start":{"line":24,"column":0},"end":{"line":24,"column":19}},"24":{"start":{"line":25,"column":0},"end":{"line":25,"column":71}},"26":{"start":{"line":27,"column":0},"end":{"line":27,"column":19}},"27":{"start":{"line":28,"column":0},"end":{"line":28,"column":14}},"28":{"start":{"line":29,"column":0},"end":{"line":29,"column":12}},"30":{"start":{"line":31,"column":0},"end":{"line":31,"column":35}},"31":{"start":{"line":32,"column":0},"end":{"line":32,"column":29}},"32":{"start":{"line":33,"column":0},"end":{"line":33,"column":17}},"33":{"start":{"line":34,"column":0},"end":{"line":34,"column":16}},"34":{"start":{"line":35,"column":0},"end":{"line":35,"column":29}},"35":{"start":{"line":36,"column":0},"end":{"line":36,"column":30}},"36":{"start":{"line":37,"column":0},"end":{"line":37,"column":27}},"37":{"start":{"line":38,"column":0},"end":{"line":38,"column":27}},"38":{"start":{"line":39,"column":0},"end":{"line":39,"column":34}},"39":{"start":{"line":40,"column":0},"end":{"line":40,"column":31}},"40":{"start":{"line":41,"column":0},"end":{"line":41,"column":31}},"41":{"start":{"line":42,"column":0},"end":{"line":42,"column":17}},"42":{"start":{"line":43,"column":0},"end":{"line":43,"column":18}},"43":{"start":{"line":44,"column":0},"end":{"line":44,"column":17}},"44":{"start":{"line":45,"column":0},"end":{"line":45,"column":74}},"45":{"start":{"line":46,"column":0},"end":{"line":46,"column":86}},"46":{"start":{"line":47,"column":0},"end":{"line":47,"column":80}},"47":{"start":{"line":48,"column":0},"end":{"line":48,"column":74}},"48":{"start":{"line":49,"column":0},"end":{"line":49,"column":100}},"49":{"start":{"line":50,"column":0},"end":{"line":50,"column":89}},"50":{"start":{"line":51,"column":0},"end":{"line":51,"column":82}},"51":{"start":{"line":52,"column":0},"end":{"line":52,"column":41}},"52":{"start":{"line":53,"column":0},"end":{"line":53,"column":84}},"54":{"start":{"line":55,"column":0},"end":{"line":55,"column":25}},"55":{"start":{"line":56,"column":0},"end":{"line":56,"column":86}},"57":{"start":{"line":58,"column":0},"end":{"line":58,"column":25}},"58":{"start":{"line":59,"column":0},"end":{"line":59,"column":19}},"59":{"start":{"line":60,"column":0},"end":{"line":60,"column":17}},"60":{"start":{"line":61,"column":0},"end":{"line":61,"column":18}},"61":{"start":{"line":62,"column":0},"end":{"line":62,"column":16}},"62":{"start":{"line":63,"column":0},"end":{"line":63,"column":12}},"64":{"start":{"line":65,"column":0},"end":{"line":65,"column":47}},"65":{"start":{"line":66,"column":0},"end":{"line":66,"column":41}},"66":{"start":{"line":67,"column":0},"end":{"line":67,"column":18}},"67":{"start":{"line":68,"column":0},"end":{"line":68,"column":33}},"68":{"start":{"line":69,"column":0},"end":{"line":69,"column":33}},"69":{"start":{"line":70,"column":0},"end":{"line":70,"column":42}},"71":{"start":{"line":72,"column":0},"end":{"line":72,"column":19}},"72":{"start":{"line":73,"column":0},"end":{"line":73,"column":18}},"73":{"start":{"line":74,"column":0},"end":{"line":74,"column":33}},"74":{"start":{"line":75,"column":0},"end":{"line":75,"column":30}},"75":{"start":{"line":76,"column":0},"end":{"line":76,"column":42}},"77":{"start":{"line":78,"column":0},"end":{"line":78,"column":19}},"79":{"start":{"line":80,"column":0},"end":{"line":80,"column":18}},"80":{"start":{"line":81,"column":0},"end":{"line":81,"column":43}},"81":{"start":{"line":82,"column":0},"end":{"line":82,"column":24}},"82":{"start":{"line":83,"column":0},"end":{"line":83,"column":104}},"83":{"start":{"line":84,"column":0},"end":{"line":84,"column":53}},"84":{"start":{"line":85,"column":0},"end":{"line":85,"column":39}},"85":{"start":{"line":86,"column":0},"end":{"line":86,"column":22}},"86":{"start":{"line":87,"column":0},"end":{"line":87,"column":19}},"88":{"start":{"line":89,"column":0},"end":{"line":89,"column":18}},"89":{"start":{"line":90,"column":0},"end":{"line":90,"column":33}},"90":{"start":{"line":91,"column":0},"end":{"line":91,"column":30}},"91":{"start":{"line":92,"column":0},"end":{"line":92,"column":51}},"93":{"start":{"line":94,"column":0},"end":{"line":94,"column":19}},"94":{"start":{"line":95,"column":0},"end":{"line":95,"column":18}},"95":{"start":{"line":96,"column":0},"end":{"line":96,"column":33}},"96":{"start":{"line":97,"column":0},"end":{"line":97,"column":42}},"97":{"start":{"line":98,"column":0},"end":{"line":98,"column":51}},"99":{"start":{"line":100,"column":0},"end":{"line":100,"column":19}},"100":{"start":{"line":101,"column":0},"end":{"line":101,"column":14}},"101":{"start":{"line":102,"column":0},"end":{"line":102,"column":12}},"103":{"start":{"line":104,"column":0},"end":{"line":104,"column":47}},"104":{"start":{"line":105,"column":0},"end":{"line":105,"column":42}},"105":{"start":{"line":106,"column":0},"end":{"line":106,"column":35}},"106":{"start":{"line":107,"column":0},"end":{"line":107,"column":36}},"107":{"start":{"line":108,"column":0},"end":{"line":108,"column":86}},"108":{"start":{"line":109,"column":0},"end":{"line":109,"column":84}},"109":{"start":{"line":110,"column":0},"end":{"line":110,"column":16}},"110":{"start":{"line":111,"column":0},"end":{"line":111,"column":50}},"111":{"start":{"line":112,"column":0},"end":{"line":112,"column":36}},"112":{"start":{"line":113,"column":0},"end":{"line":113,"column":70}},"113":{"start":{"line":114,"column":0},"end":{"line":114,"column":21}},"114":{"start":{"line":115,"column":0},"end":{"line":115,"column":28}},"115":{"start":{"line":116,"column":0},"end":{"line":116,"column":36}},"116":{"start":{"line":117,"column":0},"end":{"line":117,"column":46}},"117":{"start":{"line":118,"column":0},"end":{"line":118,"column":24}},"118":{"start":{"line":119,"column":0},"end":{"line":119,"column":15}},"119":{"start":{"line":120,"column":0},"end":{"line":120,"column":18}},"120":{"start":{"line":121,"column":0},"end":{"line":121,"column":36}},"121":{"start":{"line":122,"column":0},"end":{"line":122,"column":50}},"122":{"start":{"line":123,"column":0},"end":{"line":123,"column":21}},"123":{"start":{"line":124,"column":0},"end":{"line":124,"column":28}},"124":{"start":{"line":125,"column":0},"end":{"line":125,"column":29}},"125":{"start":{"line":126,"column":0},"end":{"line":126,"column":39}},"126":{"start":{"line":127,"column":0},"end":{"line":127,"column":24}},"127":{"start":{"line":128,"column":0},"end":{"line":128,"column":15}},"128":{"start":{"line":129,"column":0},"end":{"line":129,"column":18}},"129":{"start":{"line":130,"column":0},"end":{"line":130,"column":36}},"130":{"start":{"line":131,"column":0},"end":{"line":131,"column":44}},"131":{"start":{"line":132,"column":0},"end":{"line":132,"column":21}},"132":{"start":{"line":133,"column":0},"end":{"line":133,"column":28}},"133":{"start":{"line":134,"column":0},"end":{"line":134,"column":26}},"134":{"start":{"line":135,"column":0},"end":{"line":135,"column":36}},"135":{"start":{"line":136,"column":0},"end":{"line":136,"column":24}},"136":{"start":{"line":137,"column":0},"end":{"line":137,"column":15}},"137":{"start":{"line":138,"column":0},"end":{"line":138,"column":18}},"138":{"start":{"line":139,"column":0},"end":{"line":139,"column":36}},"139":{"start":{"line":140,"column":0},"end":{"line":140,"column":71}},"140":{"start":{"line":141,"column":0},"end":{"line":141,"column":21}},"141":{"start":{"line":142,"column":0},"end":{"line":142,"column":28}},"142":{"start":{"line":143,"column":0},"end":{"line":143,"column":38}},"143":{"start":{"line":144,"column":0},"end":{"line":144,"column":48}},"144":{"start":{"line":145,"column":0},"end":{"line":145,"column":24}},"145":{"start":{"line":146,"column":0},"end":{"line":146,"column":15}},"146":{"start":{"line":147,"column":0},"end":{"line":147,"column":18}},"147":{"start":{"line":148,"column":0},"end":{"line":148,"column":36}},"148":{"start":{"line":149,"column":0},"end":{"line":149,"column":95}},"149":{"start":{"line":150,"column":0},"end":{"line":150,"column":22}},"150":{"start":{"line":151,"column":0},"end":{"line":151,"column":47}},"151":{"start":{"line":152,"column":0},"end":{"line":152,"column":57}},"152":{"start":{"line":153,"column":0},"end":{"line":153,"column":24}},"153":{"start":{"line":154,"column":0},"end":{"line":154,"column":36}},"155":{"start":{"line":156,"column":0},"end":{"line":156,"column":52}},"156":{"start":{"line":157,"column":0},"end":{"line":157,"column":46}},"157":{"start":{"line":158,"column":0},"end":{"line":158,"column":46}},"158":{"start":{"line":159,"column":0},"end":{"line":159,"column":60}},"159":{"start":{"line":160,"column":0},"end":{"line":160,"column":23}},"160":{"start":{"line":161,"column":0},"end":{"line":161,"column":18}},"161":{"start":{"line":162,"column":0},"end":{"line":162,"column":36}},"162":{"start":{"line":163,"column":0},"end":{"line":163,"column":82}},"163":{"start":{"line":164,"column":0},"end":{"line":164,"column":21}},"164":{"start":{"line":165,"column":0},"end":{"line":165,"column":28}},"165":{"start":{"line":166,"column":0},"end":{"line":166,"column":42}},"166":{"start":{"line":167,"column":0},"end":{"line":167,"column":52}},"167":{"start":{"line":168,"column":0},"end":{"line":168,"column":24}},"168":{"start":{"line":169,"column":0},"end":{"line":169,"column":15}},"169":{"start":{"line":170,"column":0},"end":{"line":170,"column":18}},"170":{"start":{"line":171,"column":0},"end":{"line":171,"column":36}},"171":{"start":{"line":172,"column":0},"end":{"line":172,"column":70}},"172":{"start":{"line":173,"column":0},"end":{"line":173,"column":21}},"173":{"start":{"line":174,"column":0},"end":{"line":174,"column":28}},"174":{"start":{"line":175,"column":0},"end":{"line":175,"column":34}},"175":{"start":{"line":176,"column":0},"end":{"line":176,"column":44}},"176":{"start":{"line":177,"column":0},"end":{"line":177,"column":24}},"177":{"start":{"line":178,"column":0},"end":{"line":178,"column":15}},"178":{"start":{"line":179,"column":0},"end":{"line":179,"column":18}},"179":{"start":{"line":180,"column":0},"end":{"line":180,"column":36}},"180":{"start":{"line":181,"column":0},"end":{"line":181,"column":48}},"181":{"start":{"line":182,"column":0},"end":{"line":182,"column":21}},"182":{"start":{"line":183,"column":0},"end":{"line":183,"column":28}},"183":{"start":{"line":184,"column":0},"end":{"line":184,"column":28}},"184":{"start":{"line":185,"column":0},"end":{"line":185,"column":38}},"185":{"start":{"line":186,"column":0},"end":{"line":186,"column":24}},"186":{"start":{"line":187,"column":0},"end":{"line":187,"column":15}},"187":{"start":{"line":188,"column":0},"end":{"line":188,"column":18}},"188":{"start":{"line":189,"column":0},"end":{"line":189,"column":36}},"189":{"start":{"line":190,"column":0},"end":{"line":190,"column":52}},"190":{"start":{"line":191,"column":0},"end":{"line":191,"column":21}},"191":{"start":{"line":192,"column":0},"end":{"line":192,"column":27}},"192":{"start":{"line":193,"column":0},"end":{"line":193,"column":30}},"193":{"start":{"line":194,"column":0},"end":{"line":194,"column":40}},"194":{"start":{"line":195,"column":0},"end":{"line":195,"column":24}},"195":{"start":{"line":196,"column":0},"end":{"line":196,"column":15}},"196":{"start":{"line":197,"column":0},"end":{"line":197,"column":18}},"197":{"start":{"line":198,"column":0},"end":{"line":198,"column":36}},"198":{"start":{"line":199,"column":0},"end":{"line":199,"column":54}},"199":{"start":{"line":200,"column":0},"end":{"line":200,"column":21}},"200":{"start":{"line":201,"column":0},"end":{"line":201,"column":28}},"201":{"start":{"line":202,"column":0},"end":{"line":202,"column":31}},"202":{"start":{"line":203,"column":0},"end":{"line":203,"column":41}},"203":{"start":{"line":204,"column":0},"end":{"line":204,"column":24}},"204":{"start":{"line":205,"column":0},"end":{"line":205,"column":15}},"205":{"start":{"line":206,"column":0},"end":{"line":206,"column":18}},"206":{"start":{"line":207,"column":0},"end":{"line":207,"column":38}},"207":{"start":{"line":208,"column":0},"end":{"line":208,"column":89}},"209":{"start":{"line":210,"column":0},"end":{"line":210,"column":23}},"210":{"start":{"line":211,"column":0},"end":{"line":211,"column":60}},"211":{"start":{"line":212,"column":0},"end":{"line":212,"column":69}},"212":{"start":{"line":213,"column":0},"end":{"line":213,"column":23}},"213":{"start":{"line":214,"column":0},"end":{"line":214,"column":18}},"214":{"start":{"line":215,"column":0},"end":{"line":215,"column":17}},"215":{"start":{"line":216,"column":0},"end":{"line":216,"column":14}},"216":{"start":{"line":217,"column":0},"end":{"line":217,"column":12}},"218":{"start":{"line":219,"column":0},"end":{"line":219,"column":49}},"219":{"start":{"line":220,"column":0},"end":{"line":220,"column":13}},"220":{"start":{"line":221,"column":0},"end":{"line":221,"column":20}},"221":{"start":{"line":222,"column":0},"end":{"line":222,"column":24}},"222":{"start":{"line":223,"column":0},"end":{"line":223,"column":30}},"223":{"start":{"line":224,"column":0},"end":{"line":224,"column":27}},"224":{"start":{"line":225,"column":0},"end":{"line":225,"column":34}},"225":{"start":{"line":226,"column":0},"end":{"line":226,"column":7}},"226":{"start":{"line":227,"column":0},"end":{"line":227,"column":10}},"227":{"start":{"line":228,"column":0},"end":{"line":228,"column":8}},"231":{"start":{"line":232,"column":0},"end":{"line":232,"column":37}},"232":{"start":{"line":233,"column":0},"end":{"line":233,"column":39}},"233":{"start":{"line":234,"column":0},"end":{"line":234,"column":64}},"234":{"start":{"line":235,"column":0},"end":{"line":235,"column":54}},"235":{"start":{"line":236,"column":0},"end":{"line":236,"column":33}},"236":{"start":{"line":237,"column":0},"end":{"line":237,"column":59}},"238":{"start":{"line":239,"column":0},"end":{"line":239,"column":16}},"239":{"start":{"line":240,"column":0},"end":{"line":240,"column":24}},"240":{"start":{"line":241,"column":0},"end":{"line":241,"column":11}},"241":{"start":{"line":242,"column":0},"end":{"line":242,"column":12}},"242":{"start":{"line":243,"column":0},"end":{"line":243,"column":16}},"243":{"start":{"line":244,"column":0},"end":{"line":244,"column":16}},"244":{"start":{"line":245,"column":0},"end":{"line":245,"column":27}},"245":{"start":{"line":246,"column":0},"end":{"line":246,"column":11}},"246":{"start":{"line":247,"column":0},"end":{"line":247,"column":16}},"247":{"start":{"line":248,"column":0},"end":{"line":248,"column":21}},"248":{"start":{"line":249,"column":0},"end":{"line":249,"column":23}},"249":{"start":{"line":250,"column":0},"end":{"line":250,"column":22}},"250":{"start":{"line":251,"column":0},"end":{"line":251,"column":24}},"251":{"start":{"line":252,"column":0},"end":{"line":252,"column":24}},"252":{"start":{"line":253,"column":0},"end":{"line":253,"column":23}},"253":{"start":{"line":254,"column":0},"end":{"line":254,"column":19}},"254":{"start":{"line":255,"column":0},"end":{"line":255,"column":13}},"255":{"start":{"line":256,"column":0},"end":{"line":256,"column":19}},"256":{"start":{"line":257,"column":0},"end":{"line":257,"column":18}},"257":{"start":{"line":258,"column":0},"end":{"line":258,"column":19}},"258":{"start":{"line":259,"column":0},"end":{"line":259,"column":25}},"259":{"start":{"line":260,"column":0},"end":{"line":260,"column":17}},"260":{"start":{"line":261,"column":0},"end":{"line":261,"column":15}},"261":{"start":{"line":262,"column":0},"end":{"line":262,"column":15}},"262":{"start":{"line":263,"column":0},"end":{"line":263,"column":15}},"263":{"start":{"line":264,"column":0},"end":{"line":264,"column":20}},"264":{"start":{"line":265,"column":0},"end":{"line":265,"column":23}},"266":{"start":{"line":267,"column":0},"end":{"line":267,"column":55}},"268":{"start":{"line":269,"column":0},"end":{"line":269,"column":12}},"269":{"start":{"line":270,"column":0},"end":{"line":270,"column":16}},"270":{"start":{"line":271,"column":0},"end":{"line":271,"column":16}},"271":{"start":{"line":272,"column":0},"end":{"line":272,"column":27}},"272":{"start":{"line":273,"column":0},"end":{"line":273,"column":11}},"273":{"start":{"line":274,"column":0},"end":{"line":274,"column":16}},"274":{"start":{"line":275,"column":0},"end":{"line":275,"column":21}},"275":{"start":{"line":276,"column":0},"end":{"line":276,"column":23}},"276":{"start":{"line":277,"column":0},"end":{"line":277,"column":22}},"277":{"start":{"line":278,"column":0},"end":{"line":278,"column":24}},"278":{"start":{"line":279,"column":0},"end":{"line":279,"column":24}},"279":{"start":{"line":280,"column":0},"end":{"line":280,"column":23}},"280":{"start":{"line":281,"column":0},"end":{"line":281,"column":19}},"281":{"start":{"line":282,"column":0},"end":{"line":282,"column":13}},"282":{"start":{"line":283,"column":0},"end":{"line":283,"column":19}},"283":{"start":{"line":284,"column":0},"end":{"line":284,"column":18}},"284":{"start":{"line":285,"column":0},"end":{"line":285,"column":19}},"285":{"start":{"line":286,"column":0},"end":{"line":286,"column":25}},"286":{"start":{"line":287,"column":0},"end":{"line":287,"column":17}},"287":{"start":{"line":288,"column":0},"end":{"line":288,"column":15}},"288":{"start":{"line":289,"column":0},"end":{"line":289,"column":15}},"289":{"start":{"line":290,"column":0},"end":{"line":290,"column":15}},"290":{"start":{"line":291,"column":0},"end":{"line":291,"column":20}},"291":{"start":{"line":292,"column":0},"end":{"line":292,"column":6}},"292":{"start":{"line":293,"column":0},"end":{"line":293,"column":3}},"293":{"start":{"line":294,"column":0},"end":{"line":294,"column":2}}},"s":{"1":1,"2":1,"3":1,"4":1,"5":1,"6":1,"7":1,"8":1,"10":1,"11":1,"12":1,"14":1,"15":1,"16":1,"17":1,"18":1,"20":1,"21":1,"23":1,"24":1,"26":1,"27":1,"28":1,"30":1,"31":1,"32":1,"33":1,"34":1,"35":1,"36":1,"37":1,"38":1,"39":1,"40":1,"41":1,"42":1,"43":1,"44":1,"45":1,"46":1,"47":1,"48":1,"49":1,"50":1,"51":1,"52":1,"54":1,"55":1,"57":1,"58":1,"59":1,"60":1,"61":1,"62":1,"64":1,"65":1,"66":1,"67":1,"68":1,"69":1,"71":1,"72":1,"73":1,"74":1,"75":1,"77":1,"79":1,"80":1,"81":1,"82":1,"83":1,"84":1,"85":1,"86":1,"88":1,"89":1,"90":1,"91":1,"93":1,"94":1,"95":1,"96":1,"97":1,"99":1,"100":1,"101":1,"103":1,"104":1,"105":1,"106":1,"107":1,"108":1,"109":1,"110":1,"111":1,"112":1,"113":1,"114":1,"115":1,"116":1,"117":1,"118":1,"119":1,"120":1,"121":1,"122":1,"123":1,"124":1,"125":1,"126":1,"127":1,"128":1,"129":1,"130":1,"131":1,"132":1,"133":1,"134":1,"135":1,"136":1,"137":1,"138":1,"139":1,"140":1,"141":1,"142":1,"143":1,"144":1,"145":1,"146":1,"147":1,"148":1,"149":1,"150":1,"151":1,"152":1,"153":1,"155":1,"156":1,"157":1,"158":1,"159":1,"160":1,"161":1,"162":1,"163":1,"164":1,"165":1,"166":1,"167":1,"168":1,"169":1,"170":1,"171":1,"172":1,"173":1,"174":1,"175":1,"176":1,"177":1,"178":1,"179":1,"180":1,"181":1,"182":1,"183":1,"184":1,"185":1,"186":1,"187":1,"188":1,"189":1,"190":1,"191":1,"192":1,"193":1,"194":1,"195":1,"196":1,"197":1,"198":1,"199":1,"200":1,"201":1,"202":1,"203":1,"204":1,"205":1,"206":1,"207":1,"209":1,"210":1,"211":1,"212":1,"213":1,"214":1,"215":1,"216":1,"218":1,"219":1,"220":1,"221":1,"222":1,"223":1,"224":1,"225":1,"226":1,"227":1,"231":1,"232":1,"233":1,"234":1,"235":1,"236":1,"238":1,"239":1,"240":1,"241":3,"242":3,"243":3,"244":3,"245":3,"246":3,"247":3,"248":3,"249":3,"250":3,"251":3,"252":3,"253":3,"254":3,"255":3,"256":3,"257":3,"258":3,"259":3,"260":3,"261":3,"262":3,"263":3,"264":3,"266":3,"268":3,"269":3,"270":3,"271":3,"272":3,"273":3,"274":3,"275":3,"276":3,"277":3,"278":3,"279":3,"280":3,"281":3,"282":3,"283":3,"284":3,"285":3,"286":3,"287":3,"288":3,"289":3,"290":3,"291":3,"292":3,"293":1},"branchMap":{"0":{"type":"branch","line":241,"loc":{"start":{"line":241,"column":2},"end":{"line":293,"column":3}},"locations":[{"start":{"line":241,"column":2},"end":{"line":293,"column":3}}]},"1":{"type":"branch","line":9,"loc":{"start":{"line":9,"column":45},"end":{"line":9,"column":55}},"locations":[{"start":{"line":9,"column":45},"end":{"line":9,"column":55}}]},"2":{"type":"branch","line":17,"loc":{"start":{"line":17,"column":8},"end":{"line":17,"column":37}},"locations":[{"start":{"line":17,"column":8},"end":{"line":17,"column":37}}]},"3":{"type":"branch","line":19,"loc":{"start":{"line":19,"column":48},"end":{"line":19,"column":68}},"locations":[{"start":{"line":19,"column":48},"end":{"line":19,"column":68}}]},"4":{"type":"branch","line":22,"loc":{"start":{"line":22,"column":50},"end":{"line":22,"column":71}},"locations":[{"start":{"line":22,"column":50},"end":{"line":22,"column":71}}]},"5":{"type":"branch","line":25,"loc":{"start":{"line":25,"column":50},"end":{"line":25,"column":71}},"locations":[{"start":{"line":25,"column":50},"end":{"line":25,"column":71}}]},"6":{"type":"branch","line":69,"loc":{"start":{"line":69,"column":18},"end":{"line":69,"column":33}},"locations":[{"start":{"line":69,"column":18},"end":{"line":69,"column":33}}]},"7":{"type":"branch","line":75,"loc":{"start":{"line":75,"column":18},"end":{"line":75,"column":30}},"locations":[{"start":{"line":75,"column":18},"end":{"line":75,"column":30}}]},"8":{"type":"branch","line":91,"loc":{"start":{"line":91,"column":18},"end":{"line":91,"column":30}},"locations":[{"start":{"line":91,"column":18},"end":{"line":91,"column":30}}]},"9":{"type":"branch","line":97,"loc":{"start":{"line":97,"column":18},"end":{"line":97,"column":42}},"locations":[{"start":{"line":97,"column":18},"end":{"line":97,"column":42}}]},"10":{"type":"branch","line":108,"loc":{"start":{"line":108,"column":39},"end":{"line":108,"column":86}},"locations":[{"start":{"line":108,"column":39},"end":{"line":108,"column":86}}]},"11":{"type":"branch","line":109,"loc":{"start":{"line":109,"column":47},"end":{"line":109,"column":68}},"locations":[{"start":{"line":109,"column":47},"end":{"line":109,"column":68}}]},"12":{"type":"branch","line":111,"loc":{"start":{"line":111,"column":23},"end":{"line":111,"column":50}},"locations":[{"start":{"line":111,"column":23},"end":{"line":111,"column":50}}]},"13":{"type":"branch","line":113,"loc":{"start":{"line":113,"column":14},"end":{"line":113,"column":70}},"locations":[{"start":{"line":113,"column":14},"end":{"line":113,"column":70}}]},"14":{"type":"branch","line":117,"loc":{"start":{"line":117,"column":25},"end":{"line":117,"column":46}},"locations":[{"start":{"line":117,"column":25},"end":{"line":117,"column":46}}]},"15":{"type":"branch","line":122,"loc":{"start":{"line":122,"column":14},"end":{"line":122,"column":50}},"locations":[{"start":{"line":122,"column":14},"end":{"line":122,"column":50}}]},"16":{"type":"branch","line":126,"loc":{"start":{"line":126,"column":25},"end":{"line":126,"column":39}},"locations":[{"start":{"line":126,"column":25},"end":{"line":126,"column":39}}]},"17":{"type":"branch","line":131,"loc":{"start":{"line":131,"column":14},"end":{"line":131,"column":44}},"locations":[{"start":{"line":131,"column":14},"end":{"line":131,"column":44}}]},"18":{"type":"branch","line":135,"loc":{"start":{"line":135,"column":25},"end":{"line":135,"column":36}},"locations":[{"start":{"line":135,"column":25},"end":{"line":135,"column":36}}]},"19":{"type":"branch","line":140,"loc":{"start":{"line":140,"column":14},"end":{"line":140,"column":71}},"locations":[{"start":{"line":140,"column":14},"end":{"line":140,"column":71}}]},"20":{"type":"branch","line":144,"loc":{"start":{"line":144,"column":25},"end":{"line":144,"column":48}},"locations":[{"start":{"line":144,"column":25},"end":{"line":144,"column":48}}]},"21":{"type":"branch","line":149,"loc":{"start":{"line":149,"column":14},"end":{"line":149,"column":95}},"locations":[{"start":{"line":149,"column":14},"end":{"line":149,"column":95}}]},"22":{"type":"branch","line":152,"loc":{"start":{"line":152,"column":25},"end":{"line":152,"column":57}},"locations":[{"start":{"line":152,"column":25},"end":{"line":152,"column":57}}]},"23":{"type":"branch","line":163,"loc":{"start":{"line":163,"column":14},"end":{"line":163,"column":82}},"locations":[{"start":{"line":163,"column":14},"end":{"line":163,"column":82}}]},"24":{"type":"branch","line":167,"loc":{"start":{"line":167,"column":25},"end":{"line":167,"column":52}},"locations":[{"start":{"line":167,"column":25},"end":{"line":167,"column":52}}]},"25":{"type":"branch","line":172,"loc":{"start":{"line":172,"column":14},"end":{"line":172,"column":70}},"locations":[{"start":{"line":172,"column":14},"end":{"line":172,"column":70}}]},"26":{"type":"branch","line":176,"loc":{"start":{"line":176,"column":25},"end":{"line":176,"column":44}},"locations":[{"start":{"line":176,"column":25},"end":{"line":176,"column":44}}]},"27":{"type":"branch","line":181,"loc":{"start":{"line":181,"column":14},"end":{"line":181,"column":48}},"locations":[{"start":{"line":181,"column":14},"end":{"line":181,"column":48}}]},"28":{"type":"branch","line":185,"loc":{"start":{"line":185,"column":25},"end":{"line":185,"column":38}},"locations":[{"start":{"line":185,"column":25},"end":{"line":185,"column":38}}]},"29":{"type":"branch","line":190,"loc":{"start":{"line":190,"column":14},"end":{"line":190,"column":52}},"locations":[{"start":{"line":190,"column":14},"end":{"line":190,"column":52}}]},"30":{"type":"branch","line":194,"loc":{"start":{"line":194,"column":25},"end":{"line":194,"column":40}},"locations":[{"start":{"line":194,"column":25},"end":{"line":194,"column":40}}]},"31":{"type":"branch","line":199,"loc":{"start":{"line":199,"column":14},"end":{"line":199,"column":54}},"locations":[{"start":{"line":199,"column":14},"end":{"line":199,"column":54}}]},"32":{"type":"branch","line":203,"loc":{"start":{"line":203,"column":25},"end":{"line":203,"column":41}},"locations":[{"start":{"line":203,"column":25},"end":{"line":203,"column":41}}]},"33":{"type":"branch","line":208,"loc":{"start":{"line":208,"column":68},"end":{"line":208,"column":89}},"locations":[{"start":{"line":208,"column":68},"end":{"line":208,"column":89}}]},"34":{"type":"branch","line":212,"loc":{"start":{"line":212,"column":39},"end":{"line":212,"column":69}},"locations":[{"start":{"line":212,"column":39},"end":{"line":212,"column":69}}]},"35":{"type":"branch","line":225,"loc":{"start":{"line":225,"column":15},"end":{"line":225,"column":34}},"locations":[{"start":{"line":225,"column":15},"end":{"line":225,"column":34}}]},"36":{"type":"branch","line":19,"loc":{"start":{"line":19,"column":48},"end":{"line":19,"column":68}},"locations":[{"start":{"line":19,"column":48},"end":{"line":19,"column":68}}]},"37":{"type":"branch","line":109,"loc":{"start":{"line":109,"column":47},"end":{"line":109,"column":68}},"locations":[{"start":{"line":109,"column":47},"end":{"line":109,"column":68}}]},"38":{"type":"branch","line":111,"loc":{"start":{"line":111,"column":23},"end":{"line":111,"column":50}},"locations":[{"start":{"line":111,"column":23},"end":{"line":111,"column":50}}]}},"b":{"0":[3],"1":[3],"2":[3],"3":[3],"4":[3],"5":[3],"6":[3],"7":[3],"8":[3],"9":[3],"10":[0],"11":[2],"12":[2],"13":[2],"14":[2],"15":[2],"16":[2],"17":[2],"18":[2],"19":[2],"20":[2],"21":[2],"22":[2],"23":[2],"24":[2],"25":[2],"26":[2],"27":[2],"28":[2],"29":[2],"30":[2],"31":[2],"32":[2],"33":[2],"34":[0],"35":[3],"36":[2],"37":[1],"38":[1]},"fnMap":{"0":{"name":"setup","decl":{"start":{"line":241,"column":2},"end":{"line":293,"column":3}},"loc":{"start":{"line":241,"column":2},"end":{"line":293,"column":3}},"line":241},"1":{"name":"onClick._cache.<computed>._cache.<computed>","decl":{"start":{"line":9,"column":45},"end":{"line":9,"column":55}},"loc":{"start":{"line":9,"column":45},"end":{"line":9,"column":55}},"line":9},"2":{"name":"onClick._cache.<computed>._cache.<computed>","decl":{"start":{"line":19,"column":48},"end":{"line":19,"column":68}},"loc":{"start":{"line":19,"column":48},"end":{"line":19,"column":68}},"line":19},"3":{"name":"onClick._cache.<computed>._cache.<computed>","decl":{"start":{"line":22,"column":50},"end":{"line":22,"column":71}},"loc":{"start":{"line":22,"column":50},"end":{"line":22,"column":71}},"line":22},"4":{"name":"onClick._cache.<computed>._cache.<computed>","decl":{"start":{"line":25,"column":50},"end":{"line":25,"column":71}},"loc":{"start":{"line":25,"column":50},"end":{"line":25,"column":71}},"line":25},"5":{"name":"onClick._cache.<computed>._cache.<computed>","decl":{"start":{"line":69,"column":18},"end":{"line":69,"column":33}},"loc":{"start":{"line":69,"column":18},"end":{"line":69,"column":33}},"line":69},"6":{"name":"onClick._cache.<computed>._cache.<computed>","decl":{"start":{"line":75,"column":18},"end":{"line":75,"column":30}},"loc":{"start":{"line":75,"column":18},"end":{"line":75,"column":30}},"line":75},"7":{"name":"onClick._cache.<computed>._cache.<computed>","decl":{"start":{"line":91,"column":18},"end":{"line":91,"column":30}},"loc":{"start":{"line":91,"column":18},"end":{"line":91,"column":30}},"line":91},"8":{"name":"onClick._cache.<computed>._cache.<computed>","decl":{"start":{"line":97,"column":18},"end":{"line":97,"column":42}},"loc":{"start":{"line":97,"column":18},"end":{"line":97,"column":42}},"line":97},"9":{"name":"onClick._cache.<computed>._cache.<computed>","decl":{"start":{"line":109,"column":47},"end":{"line":109,"column":68}},"loc":{"start":{"line":109,"column":47},"end":{"line":109,"column":68}},"line":109},"10":{"name":"onUpdate:modelValue._cache.<computed>._cache.<computed>","decl":{"start":{"line":117,"column":25},"end":{"line":117,"column":46}},"loc":{"start":{"line":117,"column":25},"end":{"line":117,"column":46}},"line":117},"11":{"name":"onUpdate:modelValue._cache.<computed>._cache.<computed>","decl":{"start":{"line":126,"column":25},"end":{"line":126,"column":39}},"loc":{"start":{"line":126,"column":25},"end":{"line":126,"column":39}},"line":126},"12":{"name":"onUpdate:modelValue._cache.<computed>._cache.<computed>","decl":{"start":{"line":135,"column":25},"end":{"line":135,"column":36}},"loc":{"start":{"line":135,"column":25},"end":{"line":135,"column":36}},"line":135},"13":{"name":"onUpdate:modelValue._cache.<computed>._cache.<computed>","decl":{"start":{"line":144,"column":25},"end":{"line":144,"column":48}},"loc":{"start":{"line":144,"column":25},"end":{"line":144,"column":48}},"line":144},"14":{"name":"onUpdate:modelValue._cache.<computed>._cache.<computed>","decl":{"start":{"line":152,"column":25},"end":{"line":152,"column":57}},"loc":{"start":{"line":152,"column":25},"end":{"line":152,"column":57}},"line":152},"15":{"name":"onUpdate:modelValue._cache.<computed>._cache.<computed>","decl":{"start":{"line":167,"column":25},"end":{"line":167,"column":52}},"loc":{"start":{"line":167,"column":25},"end":{"line":167,"column":52}},"line":167},"16":{"name":"onUpdate:modelValue._cache.<computed>._cache.<computed>","decl":{"start":{"line":176,"column":25},"end":{"line":176,"column":44}},"loc":{"start":{"line":176,"column":25},"end":{"line":176,"column":44}},"line":176},"17":{"name":"onUpdate:modelValue._cache.<computed>._cache.<computed>","decl":{"start":{"line":185,"column":25},"end":{"line":185,"column":38}},"loc":{"start":{"line":185,"column":25},"end":{"line":185,"column":38}},"line":185},"18":{"name":"onUpdate:modelValue._cache.<computed>._cache.<computed>","decl":{"start":{"line":194,"column":25},"end":{"line":194,"column":40}},"loc":{"start":{"line":194,"column":25},"end":{"line":194,"column":40}},"line":194},"19":{"name":"onUpdate:modelValue._cache.<computed>._cache.<computed>","decl":{"start":{"line":203,"column":25},"end":{"line":203,"column":41}},"loc":{"start":{"line":203,"column":25},"end":{"line":203,"column":41}},"line":203},"20":{"name":"onClick._cache.<computed>._cache.<computed>","decl":{"start":{"line":208,"column":68},"end":{"line":208,"column":89}},"loc":{"start":{"line":208,"column":68},"end":{"line":208,"column":89}},"line":208},"21":{"name":"onChange._cache.<computed>._cache.<computed>","decl":{"start":{"line":225,"column":15},"end":{"line":225,"column":34}},"loc":{"start":{"line":225,"column":15},"end":{"line":225,"column":34}},"line":225}},"f":{"0":3,"1":0,"2":2,"3":0,"4":0,"5":0,"6":0,"7":0,"8":0,"9":1,"10":0,"11":0,"12":0,"13":0,"14":0,"15":0,"16":0,"17":0,"18":0,"19":0,"20":0,"21":0}}
}
